2018-10-23 02:40:22.417  INFO c.s.common.code.FreeMarkerGeneratorUtil  : 创建目录：E:\ideawork\mySpringBoot/src/main/java/com/simon/model 成功！ 
2018-10-23 02:40:22.562 ERROR c.s.common.code.FreeMarkerGeneratorUtil  : 代码生成出错 E:\ideawork\mySpringBoot\src\main\resources\templates\code does not exist.
2018-10-23 02:40:22.595 ERROR c.s.common.code.FreeMarkerGeneratorUtil  : 代码生成出错 E:\ideawork\mySpringBoot\src\main\resources\templates\code does not exist.
2018-10-23 02:40:22.617 ERROR c.s.common.code.FreeMarkerGeneratorUtil  : 代码生成出错 E:\ideawork\mySpringBoot\src\main\resources\templates\code does not exist.
2018-10-23 02:41:39.529  INFO s.c.a.AnnotationConfigApplicationContext : Refreshing org.springframework.context.annotation.AnnotationConfigApplicationContext@576d853c: startup date [Tue Oct 23 02:41:39 GMT+08:00 2018]; root of context hierarchy
2018-10-23 02:41:39.727  INFO ptablePropertiesBeanFactoryPostProcessor : Post-processing PropertySource instances
2018-10-23 02:41:39.763  INFO c.u.j.EncryptablePropertySourceConverter : Converting PropertySource bootstrap [org.springframework.core.env.MapPropertySource] to EncryptableMapPropertySourceWrapper
2018-10-23 02:41:39.765  INFO c.u.j.EncryptablePropertySourceConverter : Converting PropertySource servletConfigInitParams [org.springframework.core.env.PropertySource$StubPropertySource] to EncryptablePropertySourceWrapper
2018-10-23 02:41:39.765  INFO c.u.j.EncryptablePropertySourceConverter : Converting PropertySource servletContextInitParams [org.springframework.core.env.PropertySource$StubPropertySource] to EncryptablePropertySourceWrapper
2018-10-23 02:41:39.765  INFO c.u.j.EncryptablePropertySourceConverter : Converting PropertySource systemProperties [org.springframework.core.env.MapPropertySource] to EncryptableMapPropertySourceWrapper
2018-10-23 02:41:39.765  INFO c.u.j.EncryptablePropertySourceConverter : Converting PropertySource systemEnvironment [org.springframework.core.env.SystemEnvironmentPropertySource] to EncryptableMapPropertySourceWrapper
2018-10-23 02:41:39.765  INFO c.u.j.EncryptablePropertySourceConverter : Converting PropertySource random [org.springframework.boot.context.config.RandomValuePropertySource] to EncryptablePropertySourceWrapper
2018-10-23 02:41:39.765  INFO c.u.j.EncryptablePropertySourceConverter : Converting PropertySource applicationConfig: [classpath:/bootstrap.yml] [org.springframework.core.env.MapPropertySource] to EncryptableMapPropertySourceWrapper
2018-10-23 02:41:39.765  INFO c.u.j.EncryptablePropertySourceConverter : Converting PropertySource springCloudClientHostInfo [org.springframework.core.env.MapPropertySource] to EncryptableMapPropertySourceWrapper
2018-10-23 02:41:39.766  INFO c.u.j.EncryptablePropertySourceConverter : Converting PropertySource refresh [org.springframework.core.env.MapPropertySource] to EncryptableMapPropertySourceWrapper
2018-10-23 02:41:39.766  INFO c.u.j.EncryptablePropertySourceConverter : Converting PropertySource defaultProperties [org.springframework.core.env.MapPropertySource] to EncryptableMapPropertySourceWrapper
2018-10-23 02:41:39.770  INFO f.a.AutowiredAnnotationBeanPostProcessor : JSR-330 'javax.inject.Inject' annotation found and supported for autowiring
2018-10-23 02:41:39.807  INFO trationDelegate$BeanPostProcessorChecker : Bean 'configurationPropertiesRebinderAutoConfiguration' of type [org.springframework.cloud.autoconfigure.ConfigurationPropertiesRebinderAutoConfiguration$$EnhancerBySpringCGLIB$$2e8caec7] is not eligible for getting processed by all BeanPostProcessors (for example: not eligible for auto-proxying)
2018-10-23 02:41:41.160  INFO EnableEncryptablePropertiesConfiguration : Bootstraping jasypt-string-boot auto configuration in context: auth:mysql:8182
2018-10-23 02:41:41.160  INFO com.simon.OauthserverApplication         : The following profiles are active: mysql
2018-10-23 02:41:41.176  INFO ationConfigEmbeddedWebApplicationContext : Refreshing org.springframework.boot.context.embedded.AnnotationConfigEmbeddedWebApplicationContext@3989bc90: startup date [Tue Oct 23 02:41:41 GMT+08:00 2018]; parent: org.springframework.context.annotation.AnnotationConfigApplicationContext@576d853c
2018-10-23 02:41:42.294  INFO o.s.b.f.s.DefaultListableBeanFactory     : Overriding bean definition for bean 'authInterceptor' with a different definition: replacing [Generic bean: class [com.simon.common.interceptor.AuthInterceptor]; scope=singleton; abstract=false; lazyInit=false; autowireMode=0; dependencyCheck=0; autowireCandidate=true; primary=false; factoryBeanName=null; factoryMethodName=null; initMethodName=null; destroyMethodName=null; defined in file [E:\ideawork\mySpringBoot\oauthserver\target\classes\com\simon\common\interceptor\AuthInterceptor.class]] with [Root bean: class [null]; scope=; abstract=false; lazyInit=false; autowireMode=3; dependencyCheck=0; autowireCandidate=true; primary=false; factoryBeanName=webMvcConfig; factoryMethodName=authInterceptor; initMethodName=null; destroyMethodName=(inferred); defined in class path resource [com/simon/common/config/WebMvcConfig.class]]
2018-10-23 02:41:42.296  INFO o.s.b.f.s.DefaultListableBeanFactory     : Overriding bean definition for bean 'methodSecurityInterceptor' with a different definition: replacing [Root bean: class [null]; scope=; abstract=false; lazyInit=false; autowireMode=3; dependencyCheck=0; autowireCandidate=true; primary=false; factoryBeanName=OAuth2ResourceServerConfig; factoryMethodName=methodSecurityInterceptor; initMethodName=null; destroyMethodName=(inferred); defined in class path resource [com/simon/common/config/OAuth2ResourceServerConfig.class]] with [Root bean: class [null]; scope=; abstract=false; lazyInit=false; autowireMode=3; dependencyCheck=0; autowireCandidate=true; primary=false; factoryBeanName=org.springframework.security.config.annotation.method.configuration.GlobalMethodSecurityConfiguration; factoryMethodName=methodSecurityInterceptor; initMethodName=null; destroyMethodName=(inferred); defined in class path resource [org/springframework/security/config/annotation/method/configuration/GlobalMethodSecurityConfiguration.class]]
2018-10-23 02:41:42.296  INFO o.s.b.f.s.DefaultListableBeanFactory     : Overriding bean definition for bean 'methodSecurityMetadataSource' with a different definition: replacing [Root bean: class [null]; scope=; abstract=false; lazyInit=false; autowireMode=3; dependencyCheck=0; autowireCandidate=true; primary=false; factoryBeanName=OAuth2ResourceServerConfig; factoryMethodName=methodSecurityMetadataSource; initMethodName=null; destroyMethodName=(inferred); defined in class path resource [com/simon/common/config/OAuth2ResourceServerConfig.class]] with [Root bean: class [null]; scope=; abstract=false; lazyInit=false; autowireMode=3; dependencyCheck=0; autowireCandidate=true; primary=false; factoryBeanName=org.springframework.security.config.annotation.method.configuration.GlobalMethodSecurityConfiguration; factoryMethodName=methodSecurityMetadataSource; initMethodName=null; destroyMethodName=(inferred); defined in class path resource [org/springframework/security/config/annotation/method/configuration/GlobalMethodSecurityConfiguration.class]]
2018-10-23 02:41:42.296  INFO o.s.b.f.s.DefaultListableBeanFactory     : Overriding bean definition for bean 'preInvocationAuthorizationAdvice' with a different definition: replacing [Root bean: class [null]; scope=; abstract=false; lazyInit=false; autowireMode=3; dependencyCheck=0; autowireCandidate=true; primary=false; factoryBeanName=OAuth2ResourceServerConfig; factoryMethodName=preInvocationAuthorizationAdvice; initMethodName=null; destroyMethodName=(inferred); defined in class path resource [com/simon/common/config/OAuth2ResourceServerConfig.class]] with [Root bean: class [null]; scope=; abstract=false; lazyInit=false; autowireMode=3; dependencyCheck=0; autowireCandidate=true; primary=false; factoryBeanName=org.springframework.security.config.annotation.method.configuration.GlobalMethodSecurityConfiguration; factoryMethodName=preInvocationAuthorizationAdvice; initMethodName=null; destroyMethodName=(inferred); defined in class path resource [org/springframework/security/config/annotation/method/configuration/GlobalMethodSecurityConfiguration.class]]
2018-10-23 02:41:42.494  WARN o.m.s.mapper.ClassPathMapperScanner      : No MyBatis mapper was found in '[com.simon]' package. Please check your configuration.
2018-10-23 02:41:42.532  WARN t.m.s.mapper.ClassPathMapperScanner      : No MyBatis mapper was found in '[com.simon]' package. Please check your configuration.
2018-10-23 02:41:42.562  WARN o.m.s.mapper.ClassPathMapperScanner      : No MyBatis mapper was found in '[com.simon]' package. Please check your configuration.
2018-10-23 02:41:42.736  INFO o.s.b.f.s.DefaultListableBeanFactory     : Overriding bean definition for bean 'managementServletContext' with a different definition: replacing [Root bean: class [null]; scope=; abstract=false; lazyInit=false; autowireMode=3; dependencyCheck=0; autowireCandidate=true; primary=false; factoryBeanName=org.springframework.boot.actuate.autoconfigure.EndpointWebMvcHypermediaManagementContextConfiguration; factoryMethodName=managementServletContext; initMethodName=null; destroyMethodName=(inferred); defined in class path resource [org/springframework/boot/actuate/autoconfigure/EndpointWebMvcHypermediaManagementContextConfiguration.class]] with [Root bean: class [null]; scope=; abstract=false; lazyInit=false; autowireMode=3; dependencyCheck=0; autowireCandidate=true; primary=false; factoryBeanName=org.springframework.boot.actuate.autoconfigure.EndpointWebMvcAutoConfiguration; factoryMethodName=managementServletContext; initMethodName=null; destroyMethodName=(inferred); defined in class path resource [org/springframework/boot/actuate/autoconfigure/EndpointWebMvcAutoConfiguration.class]]
2018-10-23 02:41:42.766  INFO .s.d.r.c.RepositoryConfigurationDelegate : Multiple Spring Data modules found, entering strict repository configuration mode!
2018-10-23 02:41:42.876  INFO .s.d.r.c.RepositoryConfigurationDelegate : Multiple Spring Data modules found, entering strict repository configuration mode!
2018-10-23 02:41:42.932  INFO .RepositoryConfigurationExtensionSupport : Spring Data Redis - Could not safely identify store assignment for repository candidate interface com.simon.repository.NewsInfoRepository.
2018-10-23 02:41:42.932  INFO .RepositoryConfigurationExtensionSupport : Spring Data Redis - Could not safely identify store assignment for repository candidate interface com.simon.repository.VeriCodeRepository.
2018-10-23 02:41:42.932  INFO .RepositoryConfigurationExtensionSupport : Spring Data Redis - Could not safely identify store assignment for repository candidate interface com.simon.repository.NewsTagRepository.
2018-10-23 02:41:42.933  INFO .RepositoryConfigurationExtensionSupport : Spring Data Redis - Could not safely identify store assignment for repository candidate interface com.simon.repository.LogLoginRepository.
2018-10-23 02:41:42.933  INFO .RepositoryConfigurationExtensionSupport : Spring Data Redis - Could not safely identify store assignment for repository candidate interface com.simon.repository.ResetPwdInfoRepository.
2018-10-23 02:41:42.933  INFO .RepositoryConfigurationExtensionSupport : Spring Data Redis - Could not safely identify store assignment for repository candidate interface com.simon.repository.QrCodeRepository.
2018-10-23 02:41:42.934  INFO .RepositoryConfigurationExtensionSupport : Spring Data Redis - Could not safely identify store assignment for repository candidate interface com.simon.repository.DictTypeRepository.
2018-10-23 02:41:42.934  INFO .RepositoryConfigurationExtensionSupport : Spring Data Redis - Could not safely identify store assignment for repository candidate interface com.simon.repository.OauthUserRepository.
2018-10-23 02:41:42.934  INFO .RepositoryConfigurationExtensionSupport : Spring Data Redis - Could not safely identify store assignment for repository candidate interface com.simon.repository.AuthorityRepository.
2018-10-23 02:41:42.934  INFO .RepositoryConfigurationExtensionSupport : Spring Data Redis - Could not safely identify store assignment for repository candidate interface com.simon.repository.DictTypeGroupRepository.
2018-10-23 02:41:43.401  INFO o.s.cloud.context.scope.GenericScope     : BeanFactory id=9b6d6be0-da34-3758-b9f7-a136ec8b4767
2018-10-23 02:41:43.409  INFO ptablePropertiesBeanFactoryPostProcessor : Post-processing PropertySource instances
2018-10-23 02:41:43.421  INFO c.u.j.EncryptablePropertySourceConverter : Converting PropertySource servletConfigInitParams [org.springframework.core.env.PropertySource$StubPropertySource] to EncryptablePropertySourceWrapper
2018-10-23 02:41:43.421  INFO c.u.j.EncryptablePropertySourceConverter : Converting PropertySource servletContextInitParams [org.springframework.core.env.PropertySource$StubPropertySource] to EncryptablePropertySourceWrapper
2018-10-23 02:41:43.421  INFO c.u.j.EncryptablePropertySourceConverter : Converting PropertySource systemProperties [org.springframework.core.env.MapPropertySource] to EncryptableMapPropertySourceWrapper
2018-10-23 02:41:43.421  INFO c.u.j.EncryptablePropertySourceConverter : Converting PropertySource systemEnvironment [org.springframework.core.env.SystemEnvironmentPropertySource] to EncryptableMapPropertySourceWrapper
2018-10-23 02:41:43.421  INFO c.u.j.EncryptablePropertySourceConverter : Converting PropertySource random [org.springframework.boot.context.config.RandomValuePropertySource] to EncryptablePropertySourceWrapper
2018-10-23 02:41:43.421  INFO c.u.j.EncryptablePropertySourceConverter : Converting PropertySource applicationConfig: [classpath:/application-mysql.yml] [org.springframework.core.env.MapPropertySource] to EncryptableMapPropertySourceWrapper
2018-10-23 02:41:43.421  INFO c.u.j.EncryptablePropertySourceConverter : Converting PropertySource applicationConfig: [classpath:/application.properties] [org.springframework.core.env.PropertiesPropertySource] to EncryptableMapPropertySourceWrapper
2018-10-23 02:41:43.422  INFO c.u.j.EncryptablePropertySourceConverter : Converting PropertySource applicationConfig: [classpath:/application.yml] [org.springframework.core.env.MapPropertySource] to EncryptableMapPropertySourceWrapper
2018-10-23 02:41:43.422  INFO c.u.j.EncryptablePropertySourceConverter : Converting PropertySource springCloudClientHostInfo [org.springframework.core.env.MapPropertySource] to EncryptableMapPropertySourceWrapper
2018-10-23 02:41:43.422  INFO c.u.j.EncryptablePropertySourceConverter : Converting PropertySource refresh [org.springframework.core.env.MapPropertySource] to EncryptableMapPropertySourceWrapper
2018-10-23 02:41:43.422  INFO c.u.j.EncryptablePropertySourceConverter : Converting PropertySource defaultProperties [org.springframework.core.env.MapPropertySource] to EncryptableMapPropertySourceWrapper
2018-10-23 02:41:43.448  INFO f.a.AutowiredAnnotationBeanPostProcessor : JSR-330 'javax.inject.Inject' annotation found and supported for autowiring
2018-10-23 02:41:43.485  INFO c.u.j.r.DefaultLazyPropertyResolver      : Property Resolver custom Bean not found with name 'encryptablePropertyResolver'. Initializing Default Property Resolver
2018-10-23 02:41:43.486  INFO c.u.j.d.DefaultLazyPropertyDetector      : Property Detector custom Bean not found with name 'encryptablePropertyDetector'. Initializing Default Property Detector
2018-10-23 02:41:43.562  INFO trationDelegate$BeanPostProcessorChecker : Bean 'org.springframework.transaction.annotation.ProxyTransactionManagementConfiguration' of type [org.springframework.transaction.annotation.ProxyTransactionManagementConfiguration$$EnhancerBySpringCGLIB$$1272abca] is not eligible for getting processed by all BeanPostProcessors (for example: not eligible for auto-proxying)
2018-10-23 02:41:43.605  INFO trationDelegate$BeanPostProcessorChecker : Bean 'org.springframework.security.config.annotation.method.configuration.Jsr250MetadataSourceConfiguration' of type [org.springframework.security.config.annotation.method.configuration.Jsr250MetadataSourceConfiguration$$EnhancerBySpringCGLIB$$f54a2ecc] is not eligible for getting processed by all BeanPostProcessors (for example: not eligible for auto-proxying)
2018-10-23 02:41:43.617  INFO trationDelegate$BeanPostProcessorChecker : Bean 'jsr250MethodSecurityMetadataSource' of type [org.springframework.security.access.annotation.Jsr250MethodSecurityMetadataSource] is not eligible for getting processed by all BeanPostProcessors (for example: not eligible for auto-proxying)
2018-10-23 02:41:43.627  INFO trationDelegate$BeanPostProcessorChecker : Bean 'org.springframework.security.config.annotation.configuration.ObjectPostProcessorConfiguration' of type [org.springframework.security.config.annotation.configuration.ObjectPostProcessorConfiguration$$EnhancerBySpringCGLIB$$ab207404] is not eligible for getting processed by all BeanPostProcessors (for example: not eligible for auto-proxying)
2018-10-23 02:41:43.637  INFO trationDelegate$BeanPostProcessorChecker : Bean 'objectPostProcessor' of type [org.springframework.security.config.annotation.configuration.AutowireBeanFactoryObjectPostProcessor] is not eligible for getting processed by all BeanPostProcessors (for example: not eligible for auto-proxying)
2018-10-23 02:41:43.640  INFO trationDelegate$BeanPostProcessorChecker : Bean 'org.springframework.security.access.expression.method.DefaultMethodSecurityExpressionHandler@743b5fee' of type [org.springframework.security.oauth2.provider.expression.OAuth2MethodSecurityExpressionHandler] is not eligible for getting processed by all BeanPostProcessors (for example: not eligible for auto-proxying)
2018-10-23 02:41:43.647  INFO trationDelegate$BeanPostProcessorChecker : Bean 'org.springframework.security.config.annotation.method.configuration.GlobalMethodSecurityConfiguration' of type [org.springframework.security.config.annotation.method.configuration.GlobalMethodSecurityConfiguration$$EnhancerBySpringCGLIB$$cff516b6] is not eligible for getting processed by all BeanPostProcessors (for example: not eligible for auto-proxying)
2018-10-23 02:41:43.714  INFO trationDelegate$BeanPostProcessorChecker : Bean 'methodSecurityMetadataSource' of type [org.springframework.security.access.method.DelegatingMethodSecurityMetadataSource] is not eligible for getting processed by all BeanPostProcessors (for example: not eligible for auto-proxying)
2018-10-23 02:41:43.731  INFO trationDelegate$BeanPostProcessorChecker : Bean 'ehcacheConfig' of type [com.simon.common.config.EhcacheConfig$$EnhancerBySpringCGLIB$$843c97a2] is not eligible for getting processed by all BeanPostProcessors (for example: not eligible for auto-proxying)
2018-10-23 02:41:44.001  INFO trationDelegate$BeanPostProcessorChecker : Bean 'cacheManager' of type [org.springframework.cache.ehcache.EhCacheCacheManager] is not eligible for getting processed by all BeanPostProcessors (for example: not eligible for auto-proxying)
2018-10-23 02:41:44.073  INFO trationDelegate$BeanPostProcessorChecker : Bean 'security.oauth2.client-org.springframework.boot.autoconfigure.security.oauth2.OAuth2ClientProperties' of type [org.springframework.boot.autoconfigure.security.oauth2.OAuth2ClientProperties] is not eligible for getting processed by all BeanPostProcessors (for example: not eligible for auto-proxying)
2018-10-23 02:41:44.078  INFO trationDelegate$BeanPostProcessorChecker : Bean 'org.springframework.boot.autoconfigure.security.oauth2.OAuth2AutoConfiguration' of type [org.springframework.boot.autoconfigure.security.oauth2.OAuth2AutoConfiguration$$EnhancerBySpringCGLIB$$c9bc67ca] is not eligible for getting processed by all BeanPostProcessors (for example: not eligible for auto-proxying)
2018-10-23 02:41:44.092  INFO trationDelegate$BeanPostProcessorChecker : Bean 'resourceServerProperties' of type [org.springframework.boot.autoconfigure.security.oauth2.resource.ResourceServerProperties] is not eligible for getting processed by all BeanPostProcessors (for example: not eligible for auto-proxying)
2018-10-23 02:41:44.127  INFO trationDelegate$BeanPostProcessorChecker : Bean 'org.springframework.cloud.autoconfigure.ConfigurationPropertiesRebinderAutoConfiguration' of type [org.springframework.cloud.autoconfigure.ConfigurationPropertiesRebinderAutoConfiguration$$EnhancerBySpringCGLIB$$2e8caec7] is not eligible for getting processed by all BeanPostProcessors (for example: not eligible for auto-proxying)
2018-10-23 02:41:44.343  INFO org.eclipse.jetty.util.log               : Logging initialized @7477ms to org.eclipse.jetty.util.log.Slf4jLog
2018-10-23 02:41:44.605  INFO e.j.JettyEmbeddedServletContainerFactory : Server initialized with port: 8182
2018-10-23 02:41:44.608  INFO org.eclipse.jetty.server.Server          : jetty-9.4.11.v20180605; built: 2018-06-05T18:24:03.829Z; git: d5fc0523cfa96bfebfbda19606cad384d772f04c; jvm 1.8.0_181-b13
2018-10-23 02:41:44.719  INFO org.eclipse.jetty.server.session         : DefaultSessionIdManager workerName=node0
2018-10-23 02:41:44.719  INFO org.eclipse.jetty.server.session         : No SessionScavenger set, using defaults
2018-10-23 02:41:44.721  INFO org.eclipse.jetty.server.session         : node0 Scavenging every 660000ms
2018-10-23 02:41:44.731  INFO o.e.j.s.h.ContextHandler.application     : Initializing Spring embedded WebApplicationContext
2018-10-23 02:41:44.732  INFO o.s.web.context.ContextLoader            : Root WebApplicationContext: initialization completed in 3556 ms
2018-10-23 02:41:45.262  INFO o.s.b.w.servlet.FilterRegistrationBean   : Mapping filter: 'metricsFilter' to: [/*]
2018-10-23 02:41:45.262  INFO o.s.b.w.servlet.FilterRegistrationBean   : Mapping filter: 'characterEncodingFilter' to: [/*]
2018-10-23 02:41:45.262  INFO o.s.b.w.servlet.FilterRegistrationBean   : Mapping filter: 'hiddenHttpMethodFilter' to: [/*]
2018-10-23 02:41:45.263  INFO o.s.b.w.servlet.FilterRegistrationBean   : Mapping filter: 'httpPutFormContentFilter' to: [/*]
2018-10-23 02:41:45.263  INFO o.s.b.w.servlet.FilterRegistrationBean   : Mapping filter: 'requestContextFilter' to: [/*]
2018-10-23 02:41:45.265  INFO .s.DelegatingFilterProxyRegistrationBean : Mapping filter: 'springSecurityFilterChain' to: [/*]
2018-10-23 02:41:45.265  INFO o.s.b.w.servlet.FilterRegistrationBean   : Mapping filter: 'webRequestLoggingFilter' to: [/*]
2018-10-23 02:41:45.265  INFO o.s.b.w.servlet.FilterRegistrationBean   : Mapping filter: 'webStatFilter' to urls: [/*]
2018-10-23 02:41:45.266  INFO o.s.b.w.servlet.FilterRegistrationBean   : Mapping filter: 'applicationContextIdFilter' to: [/*]
2018-10-23 02:41:45.266  INFO o.s.b.w.servlet.ServletRegistrationBean  : Mapping servlet: 'dispatcherServlet' to [/]
2018-10-23 02:41:45.267  INFO o.s.b.w.servlet.ServletRegistrationBean  : Mapping servlet: 'statViewServlet' to [/druid/*]
2018-10-23 02:41:45.272  INFO o.e.jetty.server.handler.ContextHandler  : Started o.s.b.c.e.j.JettyEmbeddedWebAppContext@1e034b3b{application,/,[file:///C:/Users/Administrator/AppData/Local/Temp/jetty-docbase.7133997801224465292.8182/, jar:file:/C:/mvn_repository/io/springfox/springfox-swagger-ui/2.9.2/springfox-swagger-ui-2.9.2.jar!/META-INF/resources, jar:file:/C:/mvn_repository/org/webjars/hal-browser/9f96c74/hal-browser-9f96c74.jar!/META-INF/resources, jar:file:/C:/mvn_repository/org/springframework/boot/spring-boot-actuator-docs/1.5.14.RELEASE/spring-boot-actuator-docs-1.5.14.RELEASE.jar!/META-INF/resources, jar:file:/C:/mvn_repository/org/webjars/bower/jquery/3.2.1/jquery-3.2.1.jar!/META-INF/resources, jar:file:/C:/mvn_repository/org/webjars/npm/popper.js/1.12.5/popper.js-1.12.5.jar!/META-INF/resources, jar:file:/C:/mvn_repository/org/webjars/bootstrap/4.1.1/bootstrap-4.1.1.jar!/META-INF/resources, jar:file:/C:/mvn_repository/org/webjars/jquery/2.1.1/jquery-2.1.1.jar!/META-INF/resources, jar:file:/C:/mvn_repository/org/webjars/popper.js/1.14.1/popper.js-1.14.1.jar!/META-INF/resources, jar:file:/C:/mvn_repository/org/webjars/npm/bootstrap-material-design/4.1.1/bootstrap-material-design-4.1.1.jar!/META-INF/resources, jar:file:/C:/mvn_repository/org/webjars/bower/bootstrap-material-design/4.1.1/bootstrap-material-design-4.1.1.jar!/META-INF/resources, jar:file:/C:/mvn_repository/org/webjars/mdbootstrap-bootstrap-material-design/4.5.3/mdbootstrap-bootstrap-material-design-4.5.3.jar!/META-INF/resources, jar:file:/C:/mvn_repository/org/webjars/bower/fontawesome/4.7.0/fontawesome-4.7.0.jar!/META-INF/resources],AVAILABLE}
2018-10-23 02:41:45.273  INFO org.eclipse.jetty.server.Server          : Started @8407ms
2018-10-23 02:41:46.563  INFO com.alibaba.druid.pool.DruidDataSource   : {dataSource-1} inited
2018-10-23 02:41:46.626  INFO j.LocalContainerEntityManagerFactoryBean : Building JPA container EntityManagerFactory for persistence unit 'default'
2018-10-23 02:41:46.643  INFO o.hibernate.jpa.internal.util.LogHelper  : HHH000204: Processing PersistenceUnitInfo [
	name: default
	...]
2018-10-23 02:41:46.734  INFO org.hibernate.Version                    : HHH000412: Hibernate Core {5.0.12.Final}
2018-10-23 02:41:46.735  INFO org.hibernate.cfg.Environment            : HHH000206: hibernate.properties not found
2018-10-23 02:41:46.737  INFO org.hibernate.cfg.Environment            : HHH000021: Bytecode provider name : javassist
2018-10-23 02:41:46.789  INFO o.hibernate.annotations.common.Version   : HCANN000001: Hibernate Commons Annotations {5.0.1.Final}
2018-10-23 02:41:46.962  INFO org.hibernate.dialect.Dialect            : HHH000400: Using dialect: org.hibernate.dialect.MySQL5Dialect
2018-10-23 02:41:47.448  INFO o.h.tool.hbm2ddl.SchemaValidator         : HHH000229: Running schema validator
2018-10-23 02:41:47.890  INFO j.LocalContainerEntityManagerFactoryBean : Initialized JPA EntityManagerFactory for persistence unit 'default'
2018-10-23 02:41:49.042  INFO Handler$$EnhancerBySpringCGLIB$$b58244af : Detected @ExceptionHandler methods in globalExceptionHandler
2018-10-23 02:41:49.044  INFO Handler$$EnhancerBySpringCGLIB$$b58244af : Detected ResponseBodyAdvice implementation in org.springframework.boot.actuate.autoconfigure.EndpointWebMvcHypermediaManagementContextConfiguration$ActuatorEndpointLinksAdvice
2018-10-23 02:41:50.732  INFO .s.o.p.e.FrameworkEndpointHandlerMapping : Mapped "{[/oauth/authorize]}" onto public org.springframework.web.servlet.ModelAndView org.springframework.security.oauth2.provider.endpoint.AuthorizationEndpoint.authorize(java.util.Map<java.lang.String, java.lang.Object>,java.util.Map<java.lang.String, java.lang.String>,org.springframework.web.bind.support.SessionStatus,java.security.Principal)
2018-10-23 02:41:50.733  INFO .s.o.p.e.FrameworkEndpointHandlerMapping : Mapped "{[/oauth/authorize],methods=[POST],params=[user_oauth_approval]}" onto public org.springframework.web.servlet.View org.springframework.security.oauth2.provider.endpoint.AuthorizationEndpoint.approveOrDeny(java.util.Map<java.lang.String, java.lang.String>,java.util.Map<java.lang.String, ?>,org.springframework.web.bind.support.SessionStatus,java.security.Principal)
2018-10-23 02:41:50.734  INFO .s.o.p.e.FrameworkEndpointHandlerMapping : Mapped "{[/oauth/token],methods=[POST]}" onto public org.springframework.http.ResponseEntity<org.springframework.security.oauth2.common.OAuth2AccessToken> org.springframework.security.oauth2.provider.endpoint.TokenEndpoint.postAccessToken(java.security.Principal,java.util.Map<java.lang.String, java.lang.String>) throws org.springframework.web.HttpRequestMethodNotSupportedException
2018-10-23 02:41:50.734  INFO .s.o.p.e.FrameworkEndpointHandlerMapping : Mapped "{[/oauth/token],methods=[GET]}" onto public org.springframework.http.ResponseEntity<org.springframework.security.oauth2.common.OAuth2AccessToken> org.springframework.security.oauth2.provider.endpoint.TokenEndpoint.getAccessToken(java.security.Principal,java.util.Map<java.lang.String, java.lang.String>) throws org.springframework.web.HttpRequestMethodNotSupportedException
2018-10-23 02:41:50.735  INFO .s.o.p.e.FrameworkEndpointHandlerMapping : Mapped "{[/oauth/check_token]}" onto public java.util.Map<java.lang.String, ?> org.springframework.security.oauth2.provider.endpoint.CheckTokenEndpoint.checkToken(java.lang.String)
2018-10-23 02:41:50.735  INFO .s.o.p.e.FrameworkEndpointHandlerMapping : Mapped "{[/oauth/confirm_access]}" onto public org.springframework.web.servlet.ModelAndView org.springframework.security.oauth2.provider.endpoint.WhitelabelApprovalEndpoint.getAccessConfirmation(java.util.Map<java.lang.String, java.lang.Object>,javax.servlet.http.HttpServletRequest) throws java.lang.Exception
2018-10-23 02:41:50.736  INFO .s.o.p.e.FrameworkEndpointHandlerMapping : Mapped "{[/oauth/error]}" onto public org.springframework.web.servlet.ModelAndView org.springframework.security.oauth2.provider.endpoint.WhitelabelErrorEndpoint.handleError(javax.servlet.http.HttpServletRequest)
2018-10-23 02:41:50.801  INFO s.w.s.m.m.a.RequestMappingHandlerMapping : Mapped "{[/api/helloWorlds/all],methods=[GET]}" onto public com.simon.common.domain.ResultMsg com.simon.controller.HelloWorldController.all()
2018-10-23 02:41:50.802  INFO s.w.s.m.m.a.RequestMappingHandlerMapping : Mapped "{[/api/helloWorlds/getUsername],methods=[GET]}" onto public com.simon.common.domain.ResultMsg com.simon.controller.HelloWorldController.getUserName(java.security.Principal)
2018-10-23 02:41:50.802  INFO s.w.s.m.m.a.RequestMappingHandlerMapping : Mapped "{[/api/helloWorlds/currentUserNameSimple],methods=[GET]}" onto public com.simon.common.domain.ResultMsg com.simon.controller.HelloWorldController.currentUserNameSimple(javax.servlet.http.HttpServletRequest)
2018-10-23 02:41:50.802  INFO s.w.s.m.m.a.RequestMappingHandlerMapping : Mapped "{[/api/helloWorlds/testLocale],methods=[GET]}" onto public com.simon.common.domain.ResultMsg com.simon.controller.HelloWorldController.testLocale(javax.servlet.http.HttpServletRequest,javax.servlet.http.HttpServletResponse,java.util.Locale)
2018-10-23 02:41:50.803  INFO s.w.s.m.m.a.RequestMappingHandlerMapping : Mapped "{[/api/helloWorlds/admin],methods=[GET]}" onto public com.simon.common.domain.ResultMsg com.simon.controller.HelloWorldController.admin()
2018-10-23 02:41:50.803  INFO s.w.s.m.m.a.RequestMappingHandlerMapping : Mapped "{[/api/helloWorlds/currentUserName],methods=[GET]}" onto public com.simon.common.domain.ResultMsg com.simon.controller.HelloWorldController.currentUserName(org.springframework.security.core.Authentication)
2018-10-23 02:41:50.803  INFO s.w.s.m.m.a.RequestMappingHandlerMapping : Mapped "{[/api/helloWorlds/currentUser],methods=[GET]}" onto public com.simon.common.domain.ResultMsg com.simon.controller.HelloWorldController.currentUser(org.springframework.security.core.Authentication)
2018-10-23 02:41:50.803  INFO s.w.s.m.m.a.RequestMappingHandlerMapping : Mapped "{[/api/helloWorlds/notAuth],methods=[GET]}" onto public com.simon.common.domain.ResultMsg com.simon.controller.HelloWorldController.notAuth()
2018-10-23 02:41:50.804  INFO s.w.s.m.m.a.RequestMappingHandlerMapping : Mapped "{[/newsInfos],methods=[GET]}" onto public com.simon.common.domain.ResultMsg com.simon.controller.NewsInfoController.getAll(int)
2018-10-23 02:41:50.804  INFO s.w.s.m.m.a.RequestMappingHandlerMapping : Mapped "{[/newsInfos],methods=[POST]}" onto public com.simon.common.domain.ResultMsg com.simon.controller.NewsInfoController.post(com.simon.model.NewsInfo)
2018-10-23 02:41:50.804  INFO s.w.s.m.m.a.RequestMappingHandlerMapping : Mapped "{[/oauth/my_error_page]}" onto public java.lang.String com.simon.controller.OauthController.oauthError(java.util.Map<java.lang.String, java.lang.Object>,javax.servlet.http.HttpServletRequest)
2018-10-23 02:41:50.804  INFO s.w.s.m.m.a.RequestMappingHandlerMapping : Mapped "{[/oauth/my_approval_page]}" onto public java.lang.String com.simon.controller.OauthController.oauthAuthorize(java.util.Map<java.lang.String, java.lang.Object>,javax.servlet.http.HttpServletRequest)
2018-10-23 02:41:50.805  INFO s.w.s.m.m.a.RequestMappingHandlerMapping : Mapped "{[/api/qrCodes/loginByQrCode],methods=[POST]}" onto public com.simon.common.domain.ResultMsg com.simon.controller.QrCodeController.postLoginByQrCode(java.lang.String,java.lang.String,java.lang.String)
2018-10-23 02:41:50.806  INFO s.w.s.m.m.a.RequestMappingHandlerMapping : Mapped "{[/error],produces=[application/json]}" onto public org.springframework.http.ResponseEntity<java.util.Map<java.lang.String, java.lang.Object>> com.simon.controller.TokenErrorController.error(javax.servlet.http.HttpServletRequest)
2018-10-23 02:41:50.806  INFO s.w.s.m.m.a.RequestMappingHandlerMapping : Mapped "{[/error],produces=[text/html]}" onto public org.springframework.web.servlet.ModelAndView org.springframework.boot.autoconfigure.web.BasicErrorController.errorHtml(javax.servlet.http.HttpServletRequest,javax.servlet.http.HttpServletResponse)
2018-10-23 02:41:50.807  INFO s.w.s.m.m.a.RequestMappingHandlerMapping : Mapped "{[/api/userInfos/{baseFolder}/{phoneFolder}/{fileName:.+}],methods=[GET]}" onto public org.springframework.http.ResponseEntity<?> com.simon.controller.UserInfoController.getFile(java.lang.String,java.lang.String,java.lang.String)
2018-10-23 02:41:50.808  INFO s.w.s.m.m.a.RequestMappingHandlerMapping : Mapped "{[/api/userInfos],methods=[GET]}" onto public com.simon.common.domain.ResultMsg com.simon.controller.UserInfoController.getUserInfo(javax.servlet.http.HttpServletRequest)
2018-10-23 02:41:50.808  INFO s.w.s.m.m.a.RequestMappingHandlerMapping : Mapped "{[/api/userInfos/registerWithVeriCode],methods=[POST]}" onto public com.simon.common.domain.ResultMsg com.simon.controller.UserInfoController.post(java.lang.Integer,java.lang.String,java.lang.String)
2018-10-23 02:41:50.808  INFO s.w.s.m.m.a.RequestMappingHandlerMapping : Mapped "{[/api/userInfos/updatePwdWithoutOldPwd],methods=[PATCH]}" onto public com.simon.common.domain.ResultMsg com.simon.controller.UserInfoController.updatePwdWithoutOldPwd(java.lang.String,java.lang.Integer,java.lang.String)
2018-10-23 02:41:50.808  INFO s.w.s.m.m.a.RequestMappingHandlerMapping : Mapped "{[/api/userInfos/updateHeadPhoto],methods=[PATCH]}" onto public com.simon.common.domain.ResultMsg com.simon.controller.UserInfoController.updateHeadPhoto(javax.servlet.http.HttpServletRequest,java.lang.String)
2018-10-23 02:41:50.808  INFO s.w.s.m.m.a.RequestMappingHandlerMapping : Mapped "{[/api/userInfos/updatePassword/{oldPassword}/{newPassword}],methods=[PATCH]}" onto public com.simon.common.domain.ResultMsg com.simon.controller.UserInfoController.updatePassword(java.lang.String,java.lang.String,java.lang.String)
2018-10-23 02:41:50.808  INFO s.w.s.m.m.a.RequestMappingHandlerMapping : Mapped "{[/api/userInfos],methods=[PATCH]}" onto public com.simon.common.domain.ResultMsg com.simon.controller.UserInfoController.patch(javax.servlet.http.HttpServletRequest,com.simon.model.OauthUser)
2018-10-23 02:41:50.809  INFO s.w.s.m.m.a.RequestMappingHandlerMapping : Mapped "{[/api/veriCodes/checkVeriCode],methods=[GET]}" onto public com.simon.common.domain.ResultMsg com.simon.controller.VeriCodeController.checkVeriCode(java.lang.String,java.lang.Integer)
2018-10-23 02:41:50.809  INFO s.w.s.m.m.a.RequestMappingHandlerMapping : Mapped "{[/api/veriCodes/getRegisterCode],methods=[GET]}" onto public com.simon.common.domain.ResultMsg com.simon.controller.VeriCodeController.getVeriCode(java.lang.String)
2018-10-23 02:41:50.811  INFO s.w.s.m.m.a.RequestMappingHandlerMapping : Mapped "{[/swagger-resources/configuration/ui]}" onto public org.springframework.http.ResponseEntity<springfox.documentation.swagger.web.UiConfiguration> springfox.documentation.swagger.web.ApiResourceController.uiConfiguration()
2018-10-23 02:41:50.812  INFO s.w.s.m.m.a.RequestMappingHandlerMapping : Mapped "{[/swagger-resources]}" onto public org.springframework.http.ResponseEntity<java.util.List<springfox.documentation.swagger.web.SwaggerResource>> springfox.documentation.swagger.web.ApiResourceController.swaggerResources()
2018-10-23 02:41:50.812  INFO s.w.s.m.m.a.RequestMappingHandlerMapping : Mapped "{[/swagger-resources/configuration/security]}" onto public org.springframework.http.ResponseEntity<springfox.documentation.swagger.web.SecurityConfiguration> springfox.documentation.swagger.web.ApiResourceController.securityConfiguration()
2018-10-23 02:41:51.263  INFO o.s.b.a.e.mvc.EndpointHandlerMapping     : Mapped "{[/env/{name:.*}],methods=[GET],produces=[application/vnd.spring-boot.actuator.v1+json || application/json]}" onto public java.lang.Object org.springframework.boot.actuate.endpoint.mvc.EnvironmentMvcEndpoint.value(java.lang.String)
2018-10-23 02:41:51.263  INFO o.s.b.a.e.mvc.EndpointHandlerMapping     : Mapped "{[/env || /env.json],methods=[GET],produces=[application/vnd.spring-boot.actuator.v1+json || application/json]}" onto public java.lang.Object org.springframework.boot.actuate.endpoint.mvc.EndpointMvcAdapter.invoke()
2018-10-23 02:41:51.264  INFO o.s.b.a.e.mvc.EndpointHandlerMapping     : Mapped "{[/auditevents || /auditevents.json],methods=[GET],produces=[application/vnd.spring-boot.actuator.v1+json || application/json]}" onto public org.springframework.http.ResponseEntity<?> org.springframework.boot.actuate.endpoint.mvc.AuditEventsMvcEndpoint.findByPrincipalAndAfterAndType(java.lang.String,java.util.Date,java.lang.String)
2018-10-23 02:41:51.264  INFO o.s.b.a.e.mvc.EndpointHandlerMapping     : Mapped "{[/mappings || /mappings.json],methods=[GET],produces=[application/vnd.spring-boot.actuator.v1+json || application/json]}" onto public java.lang.Object org.springframework.boot.actuate.endpoint.mvc.EndpointMvcAdapter.invoke()
2018-10-23 02:41:51.265  INFO o.s.b.a.e.mvc.EndpointHandlerMapping     : Mapped "{[/metrics/{name:.*}],methods=[GET],produces=[application/vnd.spring-boot.actuator.v1+json || application/json]}" onto public java.lang.Object org.springframework.boot.actuate.endpoint.mvc.MetricsMvcEndpoint.value(java.lang.String)
2018-10-23 02:41:51.265  INFO o.s.b.a.e.mvc.EndpointHandlerMapping     : Mapped "{[/metrics || /metrics.json],methods=[GET],produces=[application/vnd.spring-boot.actuator.v1+json || application/json]}" onto public java.lang.Object org.springframework.boot.actuate.endpoint.mvc.EndpointMvcAdapter.invoke()
2018-10-23 02:41:51.265  INFO o.s.b.a.e.mvc.EndpointHandlerMapping     : Mapped "{[/trace || /trace.json],methods=[GET],produces=[application/vnd.spring-boot.actuator.v1+json || application/json]}" onto public java.lang.Object org.springframework.boot.actuate.endpoint.mvc.EndpointMvcAdapter.invoke()
2018-10-23 02:41:51.265  INFO o.s.b.a.e.mvc.EndpointHandlerMapping     : Mapped "{[/autoconfig || /autoconfig.json],methods=[GET],produces=[application/vnd.spring-boot.actuator.v1+json || application/json]}" onto public java.lang.Object org.springframework.boot.actuate.endpoint.mvc.EndpointMvcAdapter.invoke()
2018-10-23 02:41:51.266  INFO o.s.b.a.e.mvc.EndpointHandlerMapping     : Mapped "{[/health || /health.json],methods=[GET],produces=[application/vnd.spring-boot.actuator.v1+json || application/json]}" onto public java.lang.Object org.springframework.boot.actuate.endpoint.mvc.HealthMvcEndpoint.invoke(javax.servlet.http.HttpServletRequest,java.security.Principal)
2018-10-23 02:41:51.266  INFO o.s.b.a.e.mvc.EndpointHandlerMapping     : Mapped "{[/refresh || /refresh.json],methods=[POST]}" onto public java.lang.Object org.springframework.cloud.endpoint.GenericPostableMvcEndpoint.invoke()
2018-10-23 02:41:51.267  INFO o.s.b.a.e.mvc.EndpointHandlerMapping     : Mapped "{[/configprops || /configprops.json],methods=[GET],produces=[application/vnd.spring-boot.actuator.v1+json || application/json]}" onto public java.lang.Object org.springframework.boot.actuate.endpoint.mvc.EndpointMvcAdapter.invoke()
2018-10-23 02:41:51.267  INFO o.s.b.a.e.mvc.EndpointHandlerMapping     : Mapped "{[/actuator || /actuator.json],produces=[text/html]}" onto public java.lang.String org.springframework.boot.actuate.endpoint.mvc.HalBrowserMvcEndpoint.browse(javax.servlet.http.HttpServletRequest)
2018-10-23 02:41:51.267  INFO o.s.b.a.e.mvc.EndpointHandlerMapping     : Mapped "{[/actuator || /actuator.json],methods=[GET],produces=[application/vnd.spring-boot.actuator.v1+json || application/json]}" onto public org.springframework.hateoas.ResourceSupport org.springframework.boot.actuate.endpoint.mvc.HalJsonMvcEndpoint.links()
2018-10-23 02:41:51.268  INFO o.s.b.a.e.mvc.EndpointHandlerMapping     : Mapped "{[/dump || /dump.json],methods=[GET],produces=[application/vnd.spring-boot.actuator.v1+json || application/json]}" onto public java.lang.Object org.springframework.boot.actuate.endpoint.mvc.EndpointMvcAdapter.invoke()
2018-10-23 02:41:51.269  INFO o.s.b.a.e.mvc.EndpointHandlerMapping     : Mapped "{[/docs],produces=[text/html]}" onto public java.lang.String org.springframework.boot.actuate.endpoint.mvc.DocsMvcEndpoint.redirect()
2018-10-23 02:41:51.269  INFO o.s.b.a.e.mvc.EndpointHandlerMapping     : Mapped "{[/docs/],produces=[text/html]}" onto public java.lang.String org.springframework.boot.actuate.endpoint.mvc.DocsMvcEndpoint.browse()
2018-10-23 02:41:51.270  INFO o.s.b.a.e.mvc.EndpointHandlerMapping     : Mapped "{[/env],methods=[POST]}" onto public java.lang.Object org.springframework.cloud.context.environment.EnvironmentManagerMvcEndpoint.value(java.util.Map<java.lang.String, java.lang.String>)
2018-10-23 02:41:51.270  INFO o.s.b.a.e.mvc.EndpointHandlerMapping     : Mapped "{[/env/reset],methods=[POST]}" onto public java.util.Map<java.lang.String, java.lang.Object> org.springframework.cloud.context.environment.EnvironmentManagerMvcEndpoint.reset()
2018-10-23 02:41:51.270  INFO o.s.b.a.e.mvc.EndpointHandlerMapping     : Mapped "{[/heapdump || /heapdump.json],methods=[GET],produces=[application/octet-stream]}" onto public void org.springframework.boot.actuate.endpoint.mvc.HeapdumpMvcEndpoint.invoke(boolean,javax.servlet.http.HttpServletRequest,javax.servlet.http.HttpServletResponse) throws java.io.IOException,javax.servlet.ServletException
2018-10-23 02:41:51.272  INFO o.s.b.a.e.mvc.EndpointHandlerMapping     : Mapped "{[/loggers/{name:.*}],methods=[GET],produces=[application/vnd.spring-boot.actuator.v1+json || application/json]}" onto public java.lang.Object org.springframework.boot.actuate.endpoint.mvc.LoggersMvcEndpoint.get(java.lang.String)
2018-10-23 02:41:51.272  INFO o.s.b.a.e.mvc.EndpointHandlerMapping     : Mapped "{[/loggers/{name:.*}],methods=[POST],consumes=[application/vnd.spring-boot.actuator.v1+json || application/json],produces=[application/vnd.spring-boot.actuator.v1+json || application/json]}" onto public java.lang.Object org.springframework.boot.actuate.endpoint.mvc.LoggersMvcEndpoint.set(java.lang.String,java.util.Map<java.lang.String, java.lang.String>)
2018-10-23 02:41:51.272  INFO o.s.b.a.e.mvc.EndpointHandlerMapping     : Mapped "{[/loggers || /loggers.json],methods=[GET],produces=[application/vnd.spring-boot.actuator.v1+json || application/json]}" onto public java.lang.Object org.springframework.boot.actuate.endpoint.mvc.EndpointMvcAdapter.invoke()
2018-10-23 02:41:51.272  INFO o.s.b.a.e.mvc.EndpointHandlerMapping     : Mapped "{[/beans || /beans.json],methods=[GET],produces=[application/vnd.spring-boot.actuator.v1+json || application/json]}" onto public java.lang.Object org.springframework.boot.actuate.endpoint.mvc.EndpointMvcAdapter.invoke()
2018-10-23 02:41:51.272  INFO o.s.b.a.e.mvc.EndpointHandlerMapping     : Mapped "{[/info || /info.json],methods=[GET],produces=[application/vnd.spring-boot.actuator.v1+json || application/json]}" onto public java.lang.Object org.springframework.boot.actuate.endpoint.mvc.EndpointMvcAdapter.invoke()
2018-10-23 02:41:51.273  INFO o.s.b.a.e.mvc.EndpointHandlerMapping     : Mapped "{[/features || /features.json],methods=[GET],produces=[application/vnd.spring-boot.actuator.v1+json || application/json]}" onto public java.lang.Object org.springframework.boot.actuate.endpoint.mvc.EndpointMvcAdapter.invoke()
2018-10-23 02:41:51.273  INFO o.s.b.a.e.mvc.EndpointHandlerMapping     : Mapped "{[/archaius || /archaius.json],methods=[GET],produces=[application/vnd.spring-boot.actuator.v1+json || application/json]}" onto public java.lang.Object org.springframework.boot.actuate.endpoint.mvc.EndpointMvcAdapter.invoke()
2018-10-23 02:41:51.582  INFO pertySourcedRequestMappingHandlerMapping : Mapped URL path [/v2/api-docs] onto method [public org.springframework.http.ResponseEntity<springfox.documentation.spring.web.json.Json> springfox.documentation.swagger2.web.Swagger2Controller.getDocumentation(java.lang.String,javax.servlet.http.HttpServletRequest)]
2018-10-23 02:41:51.773  WARN c.n.c.sources.URLConfigurationSource     : No URLs will be polled as dynamic configuration sources.
2018-10-23 02:41:51.773  INFO c.n.c.sources.URLConfigurationSource     : To enable URLs as dynamic configuration sources, define System property archaius.configurationSource.additionalUrls or make config.properties available on classpath.
2018-10-23 02:41:51.781  WARN c.n.c.sources.URLConfigurationSource     : No URLs will be polled as dynamic configuration sources.
2018-10-23 02:41:51.781  INFO c.n.c.sources.URLConfigurationSource     : To enable URLs as dynamic configuration sources, define System property archaius.configurationSource.additionalUrls or make config.properties available on classpath.
2018-10-23 02:41:51.985  INFO s.w.s.m.m.a.RequestMappingHandlerAdapter : Looking for @ControllerAdvice: org.springframework.boot.context.embedded.AnnotationConfigEmbeddedWebApplicationContext@3989bc90: startup date [Tue Oct 23 02:41:41 GMT+08:00 2018]; parent: org.springframework.context.annotation.AnnotationConfigApplicationContext@576d853c
2018-10-23 02:41:51.991  INFO s.w.s.m.m.a.RequestMappingHandlerAdapter : Detected ResponseBodyAdvice bean in org.springframework.boot.actuate.autoconfigure.EndpointWebMvcHypermediaManagementContextConfiguration$ActuatorEndpointLinksAdvice
2018-10-23 02:41:52.024  INFO o.s.w.s.handler.SimpleUrlHandlerMapping  : Mapped URL path [/login] onto handler of type [class org.springframework.web.servlet.mvc.ParameterizableViewController]
2018-10-23 02:41:52.051  INFO o.s.w.s.handler.SimpleUrlHandlerMapping  : Mapped URL path [/webjars/**] onto handler of type [class org.springframework.web.servlet.resource.ResourceHttpRequestHandler]
2018-10-23 02:41:52.051  INFO o.s.w.s.handler.SimpleUrlHandlerMapping  : Mapped URL path [/**] onto handler of type [class org.springframework.web.servlet.resource.ResourceHttpRequestHandler]
2018-10-23 02:41:52.051  INFO o.s.w.s.handler.SimpleUrlHandlerMapping  : Mapped URL path [/docs/**] onto handler of type [class org.springframework.web.servlet.resource.ResourceHttpRequestHandler]
2018-10-23 02:41:52.051  INFO o.s.w.s.handler.SimpleUrlHandlerMapping  : Mapped URL path [/actuator/] onto handler of type [class org.springframework.web.servlet.resource.ResourceHttpRequestHandler]
2018-10-23 02:41:52.051  INFO o.s.w.s.handler.SimpleUrlHandlerMapping  : Mapped URL path [/actuator/**] onto handler of type [class org.springframework.web.servlet.resource.ResourceHttpRequestHandler]
2018-10-23 02:41:52.073  INFO .m.m.a.ExceptionHandlerExceptionResolver : Detected @ExceptionHandler methods in globalExceptionHandler
2018-10-23 02:41:52.073  INFO .m.m.a.ExceptionHandlerExceptionResolver : Detected ResponseBodyAdvice implementation in org.springframework.boot.actuate.autoconfigure.EndpointWebMvcHypermediaManagementContextConfiguration$ActuatorEndpointLinksAdvice
2018-10-23 02:41:52.103  INFO o.s.w.s.handler.SimpleUrlHandlerMapping  : Mapped URL path [/**/favicon.ico] onto handler of type [class org.springframework.web.servlet.resource.ResourceHttpRequestHandler]
2018-10-23 02:41:52.598  INFO t.m.m.autoconfigure.MapperCacheDisabler  : Clear tk.mybatis.mapper.util.MsUtil CLASS_CACHE cache.
2018-10-23 02:41:52.598  INFO t.m.m.autoconfigure.MapperCacheDisabler  : Clear tk.mybatis.mapper.genid.GenIdUtil CACHE cache.
2018-10-23 02:41:52.599  INFO t.m.m.autoconfigure.MapperCacheDisabler  : Clear tk.mybatis.mapper.version.VersionUtil CACHE cache.
2018-10-23 02:41:52.599  INFO t.m.m.autoconfigure.MapperCacheDisabler  : Clear EntityHelper entityTableMap cache.
2018-10-23 02:41:53.177  INFO o.s.s.web.DefaultSecurityFilterChain     : Creating filter chain: OrRequestMatcher [requestMatchers=[Ant [pattern='/css/**'], Ant [pattern='/js/**'], Ant [pattern='/images/**'], Ant [pattern='/webjars/**'], Ant [pattern='/**/favicon.ico'], Ant [pattern='/error']]], []
2018-10-23 02:41:53.178  INFO o.s.s.web.DefaultSecurityFilterChain     : Creating filter chain: org.springframework.boot.actuate.autoconfigure.ManagementWebSecurityAutoConfiguration$LazyEndpointPathRequestMatcher@3894c2d9, []
2018-10-23 02:41:53.539  INFO o.s.s.web.DefaultSecurityFilterChain     : Creating filter chain: OrRequestMatcher [requestMatchers=[Ant [pattern='/oauth/token'], Ant [pattern='/oauth/token_key'], Ant [pattern='/oauth/check_token']]], [org.springframework.security.web.context.request.async.WebAsyncManagerIntegrationFilter@5d6a9327, org.springframework.security.web.context.SecurityContextPersistenceFilter@7ff4d4b4, org.springframework.security.web.header.HeaderWriterFilter@5fb5737b, org.springframework.security.web.authentication.logout.LogoutFilter@1d8636a9, org.springframework.security.oauth2.provider.client.ClientCredentialsTokenEndpointFilter@7d8b33ad, org.springframework.security.web.authentication.www.BasicAuthenticationFilter@4bddd02e, org.springframework.security.web.savedrequest.RequestCacheAwareFilter@2ab88696, org.springframework.security.web.servletapi.SecurityContextHolderAwareRequestFilter@7d28ec4, org.springframework.security.web.authentication.AnonymousAuthenticationFilter@727e787c, org.springframework.security.web.session.SessionManagementFilter@612ac80a, org.springframework.security.web.access.ExceptionTranslationFilter@561860eb, org.springframework.security.web.access.intercept.FilterSecurityInterceptor@ac1abf0]
2018-10-23 02:41:53.552  INFO o.s.s.web.DefaultSecurityFilterChain     : Creating filter chain: OrRequestMatcher [requestMatchers=[OrRequestMatcher [requestMatchers=[Ant [pattern='/login'], Ant [pattern='/logout'], Ant [pattern='/oauth/authorize'], Ant [pattern='/oauth/confirm_access'], Ant [pattern='/oauth/my_approval_page'], Ant [pattern='/oauth/my_error_page']]]]], [org.springframework.security.web.context.request.async.WebAsyncManagerIntegrationFilter@7c5987d9, org.springframework.security.web.context.SecurityContextPersistenceFilter@d9524cd, org.springframework.security.web.header.HeaderWriterFilter@5832d093, org.springframework.security.web.authentication.logout.LogoutFilter@390690f3, org.springframework.security.web.authentication.UsernamePasswordAuthenticationFilter@1d916852, org.springframework.security.web.savedrequest.RequestCacheAwareFilter@91d6255, org.springframework.security.web.servletapi.SecurityContextHolderAwareRequestFilter@47e59dad, org.springframework.security.web.authentication.AnonymousAuthenticationFilter@7278e738, org.springframework.security.web.session.SessionManagementFilter@1cdc483a, org.springframework.security.web.access.ExceptionTranslationFilter@3a97d371, org.springframework.security.web.access.intercept.FilterSecurityInterceptor@1ce8e276]
2018-10-23 02:41:53.569  INFO o.s.s.web.DefaultSecurityFilterChain     : Creating filter chain: OrRequestMatcher [requestMatchers=[NegatedRequestMatcher [requestMatcher=OrRequestMatcher [requestMatchers=[Ant [pattern='/login'], Ant [pattern='/logout'], Ant [pattern='/oauth/authorize'], Ant [pattern='/oauth/confirm_access'], Ant [pattern='/oauth/my_approval_page'], Ant [pattern='/oauth/my_error_page']]]]]], [org.springframework.security.web.context.request.async.WebAsyncManagerIntegrationFilter@45d0f34d, org.springframework.security.web.context.SecurityContextPersistenceFilter@683b8ebb, org.springframework.security.web.header.HeaderWriterFilter@66c29a9f, org.springframework.security.web.authentication.logout.LogoutFilter@75e09ee6, org.springframework.security.oauth2.provider.authentication.OAuth2AuthenticationProcessingFilter@3aee53f, org.springframework.security.web.authentication.UsernamePasswordAuthenticationFilter@2ae4f9e5, org.springframework.security.web.savedrequest.RequestCacheAwareFilter@606ea6c1, org.springframework.security.web.servletapi.SecurityContextHolderAwareRequestFilter@120ace31, org.springframework.security.web.authentication.AnonymousAuthenticationFilter@5f5885ca, org.springframework.security.web.session.SessionManagementFilter@7b3387d9, org.springframework.security.web.access.ExceptionTranslationFilter@665dc015, org.springframework.security.web.access.intercept.FilterSecurityInterceptor@7c9928ea]
2018-10-23 02:41:53.577  INFO o.s.s.web.DefaultSecurityFilterChain     : Creating filter chain: org.springframework.boot.autoconfigure.security.SpringBootWebSecurityConfiguration$ApplicationNoWebSecurityConfigurerAdapter$1@5bee13b0, [org.springframework.security.web.context.request.async.WebAsyncManagerIntegrationFilter@3506944b, org.springframework.security.web.context.SecurityContextPersistenceFilter@919b22c, org.springframework.security.web.header.HeaderWriterFilter@62475ce0, org.springframework.security.web.csrf.CsrfFilter@503dda1e, org.springframework.security.web.authentication.logout.LogoutFilter@1f225aaa, org.springframework.security.web.savedrequest.RequestCacheAwareFilter@5dd67a1c, org.springframework.security.web.servletapi.SecurityContextHolderAwareRequestFilter@5ae8d1a, org.springframework.security.web.authentication.AnonymousAuthenticationFilter@443109ac, org.springframework.security.web.session.SessionManagementFilter@7d1cf154, org.springframework.security.web.access.ExceptionTranslationFilter@3e4d4ad1]
2018-10-23 02:41:54.071  INFO o.s.w.s.v.f.FreeMarkerConfigurer         : ClassTemplateLoader for Spring macros added to FreeMarker configuration
2018-10-23 02:41:54.253  INFO o.s.b.d.a.OptionalLiveReloadServer       : LiveReload server is running on port 35729
2018-10-23 02:41:55.335  INFO o.s.cloud.commons.util.InetUtils         : Cannot determine local hostname
2018-10-23 02:41:55.575  INFO o.s.j.e.a.AnnotationMBeanExporter        : Registering beans for JMX exposure on startup
2018-10-23 02:41:55.576  INFO o.s.j.e.a.AnnotationMBeanExporter        : Bean with name 'dataSource' has been autodetected for JMX exposure
2018-10-23 02:41:55.577  INFO o.s.j.e.a.AnnotationMBeanExporter        : Bean with name 'statFilter' has been autodetected for JMX exposure
2018-10-23 02:41:55.588  INFO o.s.j.e.a.AnnotationMBeanExporter        : Bean with name 'configurationPropertiesRebinder' has been autodetected for JMX exposure
2018-10-23 02:41:55.588  INFO o.s.j.e.a.AnnotationMBeanExporter        : Bean with name 'refreshEndpoint' has been autodetected for JMX exposure
2018-10-23 02:41:55.589  INFO o.s.j.e.a.AnnotationMBeanExporter        : Bean with name 'environmentManager' has been autodetected for JMX exposure
2018-10-23 02:41:55.589  INFO o.s.j.e.a.AnnotationMBeanExporter        : Bean with name 'refreshScope' has been autodetected for JMX exposure
2018-10-23 02:41:55.592  INFO o.s.j.e.a.AnnotationMBeanExporter        : Located managed bean 'environmentManager': registering with JMX server as MBean [org.springframework.cloud.context.environment:name=environmentManager,type=EnvironmentManager]
2018-10-23 02:41:55.605  INFO o.s.j.e.a.AnnotationMBeanExporter        : Located managed bean 'refreshScope': registering with JMX server as MBean [org.springframework.cloud.context.scope.refresh:name=refreshScope,type=RefreshScope]
2018-10-23 02:41:55.615  INFO o.s.j.e.a.AnnotationMBeanExporter        : Located managed bean 'configurationPropertiesRebinder': registering with JMX server as MBean [org.springframework.cloud.context.properties:name=configurationPropertiesRebinder,context=3989bc90,type=ConfigurationPropertiesRebinder]
2018-10-23 02:41:55.621  INFO o.s.j.e.a.AnnotationMBeanExporter        : Located MBean 'dataSource': registering with JMX server as MBean [com.alibaba.druid.spring.boot.autoconfigure:name=dataSource,type=DruidDataSourceWrapper]
2018-10-23 02:41:55.623  INFO o.s.j.e.a.AnnotationMBeanExporter        : Located managed bean 'refreshEndpoint': registering with JMX server as MBean [org.springframework.cloud.endpoint:name=refreshEndpoint,type=RefreshEndpoint]
2018-10-23 02:41:55.628  INFO o.s.j.e.a.AnnotationMBeanExporter        : Located MBean 'statFilter': registering with JMX server as MBean [com.alibaba.druid.filter.stat:name=statFilter,type=StatFilter]
2018-10-23 02:41:55.639  INFO o.s.c.support.DefaultLifecycleProcessor  : Starting beans in phase 0
2018-10-23 02:41:55.682  INFO o.s.c.support.DefaultLifecycleProcessor  : Starting beans in phase 2147483647
2018-10-23 02:41:55.682  INFO d.s.w.p.DocumentationPluginsBootstrapper : Context refreshed
2018-10-23 02:41:55.708  INFO d.s.w.p.DocumentationPluginsBootstrapper : Found 1 custom documentation plugin(s)
2018-10-23 02:41:55.748  INFO s.d.s.w.s.ApiListingReferenceScanner     : Scanning for api listing references
2018-10-23 02:41:55.951  INFO .d.s.w.r.o.CachingOperationNameGenerator : Generating unique operation named: postUsingPOST_1
2018-10-23 02:41:55.998  INFO o.e.j.s.h.ContextHandler.application     : Initializing Spring FrameworkServlet 'dispatcherServlet'
2018-10-23 02:41:55.998  INFO o.s.web.servlet.DispatcherServlet        : FrameworkServlet 'dispatcherServlet': initialization started
2018-10-23 02:41:56.014  INFO o.s.web.servlet.DispatcherServlet        : FrameworkServlet 'dispatcherServlet': initialization completed in 16 ms
2018-10-23 02:41:56.041  INFO o.e.jetty.server.AbstractConnector       : Started ServerConnector@dc23654{HTTP/1.1,[http/1.1]}{0.0.0.0:8182}
2018-10-23 02:41:56.042  INFO .s.b.c.e.j.JettyEmbeddedServletContainer : Jetty started on port(s) 8182 (http/1.1)
2018-10-23 02:41:56.048  INFO com.simon.OauthserverApplication         : Started OauthserverApplication in 18.236 seconds (JVM running for 19.183)
