2018-10-29 20:18:22.272  INFO s.c.a.AnnotationConfigApplicationContext : Refreshing org.springframework.context.annotation.AnnotationConfigApplicationContext@793ccff3: startup date [Mon Oct 29 20:18:22 GMT+08:00 2018]; root of context hierarchy
2018-10-29 20:18:22.506  INFO ptablePropertiesBeanFactoryPostProcessor : Post-processing PropertySource instances
2018-10-29 20:18:22.552  INFO c.u.j.EncryptablePropertySourceConverter : Converting PropertySource bootstrap [org.springframework.core.env.MapPropertySource] to EncryptableMapPropertySourceWrapper
2018-10-29 20:18:22.554  INFO c.u.j.EncryptablePropertySourceConverter : Converting PropertySource servletConfigInitParams [org.springframework.core.env.PropertySource$StubPropertySource] to EncryptablePropertySourceWrapper
2018-10-29 20:18:22.554  INFO c.u.j.EncryptablePropertySourceConverter : Converting PropertySource servletContextInitParams [org.springframework.core.env.PropertySource$StubPropertySource] to EncryptablePropertySourceWrapper
2018-10-29 20:18:22.554  INFO c.u.j.EncryptablePropertySourceConverter : Converting PropertySource systemProperties [org.springframework.core.env.MapPropertySource] to EncryptableMapPropertySourceWrapper
2018-10-29 20:18:22.555  INFO c.u.j.EncryptablePropertySourceConverter : Converting PropertySource systemEnvironment [org.springframework.core.env.SystemEnvironmentPropertySource] to EncryptableMapPropertySourceWrapper
2018-10-29 20:18:22.555  INFO c.u.j.EncryptablePropertySourceConverter : Converting PropertySource random [org.springframework.boot.context.config.RandomValuePropertySource] to EncryptablePropertySourceWrapper
2018-10-29 20:18:22.555  INFO c.u.j.EncryptablePropertySourceConverter : Converting PropertySource applicationConfig: [classpath:/bootstrap.yml] [org.springframework.core.env.MapPropertySource] to EncryptableMapPropertySourceWrapper
2018-10-29 20:18:22.555  INFO c.u.j.EncryptablePropertySourceConverter : Converting PropertySource springCloudClientHostInfo [org.springframework.core.env.MapPropertySource] to EncryptableMapPropertySourceWrapper
2018-10-29 20:18:22.555  INFO c.u.j.EncryptablePropertySourceConverter : Converting PropertySource refresh [org.springframework.core.env.MapPropertySource] to EncryptableMapPropertySourceWrapper
2018-10-29 20:18:22.555  INFO c.u.j.EncryptablePropertySourceConverter : Converting PropertySource defaultProperties [org.springframework.core.env.MapPropertySource] to EncryptableMapPropertySourceWrapper
2018-10-29 20:18:22.567  INFO f.a.AutowiredAnnotationBeanPostProcessor : JSR-330 'javax.inject.Inject' annotation found and supported for autowiring
2018-10-29 20:18:22.610  INFO trationDelegate$BeanPostProcessorChecker : Bean 'configurationPropertiesRebinderAutoConfiguration' of type [org.springframework.cloud.autoconfigure.ConfigurationPropertiesRebinderAutoConfiguration$$EnhancerBySpringCGLIB$$ad4b8d45] is not eligible for getting processed by all BeanPostProcessors (for example: not eligible for auto-proxying)
2018-10-29 20:18:24.188  INFO EnableEncryptablePropertiesConfiguration : Bootstraping jasypt-string-boot auto configuration in context: auth:mysql:8182
2018-10-29 20:18:24.189  INFO com.simon.OauthserverApplication         : The following profiles are active: mysql
2018-10-29 20:18:24.219  INFO ationConfigEmbeddedWebApplicationContext : Refreshing org.springframework.boot.context.embedded.AnnotationConfigEmbeddedWebApplicationContext@14108aa1: startup date [Mon Oct 29 20:18:24 GMT+08:00 2018]; parent: org.springframework.context.annotation.AnnotationConfigApplicationContext@793ccff3
2018-10-29 20:18:25.614  INFO o.s.b.f.s.DefaultListableBeanFactory     : Overriding bean definition for bean 'authInterceptor' with a different definition: replacing [Generic bean: class [com.simon.common.interceptor.AuthInterceptor]; scope=singleton; abstract=false; lazyInit=false; autowireMode=0; dependencyCheck=0; autowireCandidate=true; primary=false; factoryBeanName=null; factoryMethodName=null; initMethodName=null; destroyMethodName=null; defined in file [E:\ideawork\mySpringBoot\oauthserver\target\classes\com\simon\common\interceptor\AuthInterceptor.class]] with [Root bean: class [null]; scope=; abstract=false; lazyInit=false; autowireMode=3; dependencyCheck=0; autowireCandidate=true; primary=false; factoryBeanName=webMvcConfig; factoryMethodName=authInterceptor; initMethodName=null; destroyMethodName=(inferred); defined in class path resource [com/simon/common/config/WebMvcConfig.class]]
2018-10-29 20:18:25.617  INFO o.s.b.f.s.DefaultListableBeanFactory     : Overriding bean definition for bean 'methodSecurityInterceptor' with a different definition: replacing [Root bean: class [null]; scope=; abstract=false; lazyInit=false; autowireMode=3; dependencyCheck=0; autowireCandidate=true; primary=false; factoryBeanName=OAuth2ResourceServerConfig; factoryMethodName=methodSecurityInterceptor; initMethodName=null; destroyMethodName=(inferred); defined in class path resource [com/simon/common/config/OAuth2ResourceServerConfig.class]] with [Root bean: class [null]; scope=; abstract=false; lazyInit=false; autowireMode=3; dependencyCheck=0; autowireCandidate=true; primary=false; factoryBeanName=org.springframework.security.config.annotation.method.configuration.GlobalMethodSecurityConfiguration; factoryMethodName=methodSecurityInterceptor; initMethodName=null; destroyMethodName=(inferred); defined in class path resource [org/springframework/security/config/annotation/method/configuration/GlobalMethodSecurityConfiguration.class]]
2018-10-29 20:18:25.618  INFO o.s.b.f.s.DefaultListableBeanFactory     : Overriding bean definition for bean 'methodSecurityMetadataSource' with a different definition: replacing [Root bean: class [null]; scope=; abstract=false; lazyInit=false; autowireMode=3; dependencyCheck=0; autowireCandidate=true; primary=false; factoryBeanName=OAuth2ResourceServerConfig; factoryMethodName=methodSecurityMetadataSource; initMethodName=null; destroyMethodName=(inferred); defined in class path resource [com/simon/common/config/OAuth2ResourceServerConfig.class]] with [Root bean: class [null]; scope=; abstract=false; lazyInit=false; autowireMode=3; dependencyCheck=0; autowireCandidate=true; primary=false; factoryBeanName=org.springframework.security.config.annotation.method.configuration.GlobalMethodSecurityConfiguration; factoryMethodName=methodSecurityMetadataSource; initMethodName=null; destroyMethodName=(inferred); defined in class path resource [org/springframework/security/config/annotation/method/configuration/GlobalMethodSecurityConfiguration.class]]
2018-10-29 20:18:25.618  INFO o.s.b.f.s.DefaultListableBeanFactory     : Overriding bean definition for bean 'preInvocationAuthorizationAdvice' with a different definition: replacing [Root bean: class [null]; scope=; abstract=false; lazyInit=false; autowireMode=3; dependencyCheck=0; autowireCandidate=true; primary=false; factoryBeanName=OAuth2ResourceServerConfig; factoryMethodName=preInvocationAuthorizationAdvice; initMethodName=null; destroyMethodName=(inferred); defined in class path resource [com/simon/common/config/OAuth2ResourceServerConfig.class]] with [Root bean: class [null]; scope=; abstract=false; lazyInit=false; autowireMode=3; dependencyCheck=0; autowireCandidate=true; primary=false; factoryBeanName=org.springframework.security.config.annotation.method.configuration.GlobalMethodSecurityConfiguration; factoryMethodName=preInvocationAuthorizationAdvice; initMethodName=null; destroyMethodName=(inferred); defined in class path resource [org/springframework/security/config/annotation/method/configuration/GlobalMethodSecurityConfiguration.class]]
2018-10-29 20:18:25.923  WARN o.m.s.mapper.ClassPathMapperScanner      : No MyBatis mapper was found in '[com.simon]' package. Please check your configuration.
2018-10-29 20:18:25.972  WARN t.m.s.mapper.ClassPathMapperScanner      : No MyBatis mapper was found in '[com.simon]' package. Please check your configuration.
2018-10-29 20:18:26.006  WARN o.m.s.mapper.ClassPathMapperScanner      : No MyBatis mapper was found in '[com.simon]' package. Please check your configuration.
2018-10-29 20:18:26.244  INFO o.s.b.f.s.DefaultListableBeanFactory     : Overriding bean definition for bean 'managementServletContext' with a different definition: replacing [Root bean: class [null]; scope=; abstract=false; lazyInit=false; autowireMode=3; dependencyCheck=0; autowireCandidate=true; primary=false; factoryBeanName=org.springframework.boot.actuate.autoconfigure.EndpointWebMvcHypermediaManagementContextConfiguration; factoryMethodName=managementServletContext; initMethodName=null; destroyMethodName=(inferred); defined in class path resource [org/springframework/boot/actuate/autoconfigure/EndpointWebMvcHypermediaManagementContextConfiguration.class]] with [Root bean: class [null]; scope=; abstract=false; lazyInit=false; autowireMode=3; dependencyCheck=0; autowireCandidate=true; primary=false; factoryBeanName=org.springframework.boot.actuate.autoconfigure.EndpointWebMvcAutoConfiguration; factoryMethodName=managementServletContext; initMethodName=null; destroyMethodName=(inferred); defined in class path resource [org/springframework/boot/actuate/autoconfigure/EndpointWebMvcAutoConfiguration.class]]
2018-10-29 20:18:26.295  INFO .s.d.r.c.RepositoryConfigurationDelegate : Multiple Spring Data modules found, entering strict repository configuration mode!
2018-10-29 20:18:26.430  INFO .s.d.r.c.RepositoryConfigurationDelegate : Multiple Spring Data modules found, entering strict repository configuration mode!
2018-10-29 20:18:26.504  INFO .RepositoryConfigurationExtensionSupport : Spring Data Redis - Could not safely identify store assignment for repository candidate interface com.simon.repository.NewsInfoRepository.
2018-10-29 20:18:26.504  INFO .RepositoryConfigurationExtensionSupport : Spring Data Redis - Could not safely identify store assignment for repository candidate interface com.simon.repository.VeriCodeRepository.
2018-10-29 20:18:26.505  INFO .RepositoryConfigurationExtensionSupport : Spring Data Redis - Could not safely identify store assignment for repository candidate interface com.simon.repository.NewsTagRepository.
2018-10-29 20:18:26.505  INFO .RepositoryConfigurationExtensionSupport : Spring Data Redis - Could not safely identify store assignment for repository candidate interface com.simon.repository.LogLoginRepository.
2018-10-29 20:18:26.505  INFO .RepositoryConfigurationExtensionSupport : Spring Data Redis - Could not safely identify store assignment for repository candidate interface com.simon.repository.ResetPwdInfoRepository.
2018-10-29 20:18:26.506  INFO .RepositoryConfigurationExtensionSupport : Spring Data Redis - Could not safely identify store assignment for repository candidate interface com.simon.repository.QrCodeRepository.
2018-10-29 20:18:26.506  INFO .RepositoryConfigurationExtensionSupport : Spring Data Redis - Could not safely identify store assignment for repository candidate interface com.simon.repository.DictTypeRepository.
2018-10-29 20:18:26.506  INFO .RepositoryConfigurationExtensionSupport : Spring Data Redis - Could not safely identify store assignment for repository candidate interface com.simon.repository.OauthUserRepository.
2018-10-29 20:18:26.507  INFO .RepositoryConfigurationExtensionSupport : Spring Data Redis - Could not safely identify store assignment for repository candidate interface com.simon.repository.AuthorityRepository.
2018-10-29 20:18:26.507  INFO .RepositoryConfigurationExtensionSupport : Spring Data Redis - Could not safely identify store assignment for repository candidate interface com.simon.repository.DictTypeGroupRepository.
2018-10-29 20:18:27.078  INFO o.s.cloud.context.scope.GenericScope     : BeanFactory id=9b6d6be0-da34-3758-b9f7-a136ec8b4767
2018-10-29 20:18:27.088  INFO ptablePropertiesBeanFactoryPostProcessor : Post-processing PropertySource instances
2018-10-29 20:18:27.105  INFO c.u.j.EncryptablePropertySourceConverter : Converting PropertySource servletConfigInitParams [org.springframework.core.env.PropertySource$StubPropertySource] to EncryptablePropertySourceWrapper
2018-10-29 20:18:27.105  INFO c.u.j.EncryptablePropertySourceConverter : Converting PropertySource servletContextInitParams [org.springframework.core.env.PropertySource$StubPropertySource] to EncryptablePropertySourceWrapper
2018-10-29 20:18:27.105  INFO c.u.j.EncryptablePropertySourceConverter : Converting PropertySource systemProperties [org.springframework.core.env.MapPropertySource] to EncryptableMapPropertySourceWrapper
2018-10-29 20:18:27.105  INFO c.u.j.EncryptablePropertySourceConverter : Converting PropertySource systemEnvironment [org.springframework.core.env.SystemEnvironmentPropertySource] to EncryptableMapPropertySourceWrapper
2018-10-29 20:18:27.105  INFO c.u.j.EncryptablePropertySourceConverter : Converting PropertySource random [org.springframework.boot.context.config.RandomValuePropertySource] to EncryptablePropertySourceWrapper
2018-10-29 20:18:27.105  INFO c.u.j.EncryptablePropertySourceConverter : Converting PropertySource applicationConfig: [classpath:/application-mysql.yml] [org.springframework.core.env.MapPropertySource] to EncryptableMapPropertySourceWrapper
2018-10-29 20:18:27.105  INFO c.u.j.EncryptablePropertySourceConverter : Converting PropertySource applicationConfig: [classpath:/application.properties] [org.springframework.core.env.PropertiesPropertySource] to EncryptableMapPropertySourceWrapper
2018-10-29 20:18:27.105  INFO c.u.j.EncryptablePropertySourceConverter : Converting PropertySource applicationConfig: [classpath:/application.yml] [org.springframework.core.env.MapPropertySource] to EncryptableMapPropertySourceWrapper
2018-10-29 20:18:27.105  INFO c.u.j.EncryptablePropertySourceConverter : Converting PropertySource springCloudClientHostInfo [org.springframework.core.env.MapPropertySource] to EncryptableMapPropertySourceWrapper
2018-10-29 20:18:27.105  INFO c.u.j.EncryptablePropertySourceConverter : Converting PropertySource refresh [org.springframework.core.env.MapPropertySource] to EncryptableMapPropertySourceWrapper
2018-10-29 20:18:27.106  INFO c.u.j.EncryptablePropertySourceConverter : Converting PropertySource defaultProperties [org.springframework.core.env.MapPropertySource] to EncryptableMapPropertySourceWrapper
2018-10-29 20:18:27.140  INFO f.a.AutowiredAnnotationBeanPostProcessor : JSR-330 'javax.inject.Inject' annotation found and supported for autowiring
2018-10-29 20:18:27.190  INFO c.u.j.r.DefaultLazyPropertyResolver      : Property Resolver custom Bean not found with name 'encryptablePropertyResolver'. Initializing Default Property Resolver
2018-10-29 20:18:27.190  INFO c.u.j.d.DefaultLazyPropertyDetector      : Property Detector custom Bean not found with name 'encryptablePropertyDetector'. Initializing Default Property Detector
2018-10-29 20:18:27.304  INFO trationDelegate$BeanPostProcessorChecker : Bean 'org.springframework.transaction.annotation.ProxyTransactionManagementConfiguration' of type [org.springframework.transaction.annotation.ProxyTransactionManagementConfiguration$$EnhancerBySpringCGLIB$$91318a48] is not eligible for getting processed by all BeanPostProcessors (for example: not eligible for auto-proxying)
2018-10-29 20:18:27.472  INFO trationDelegate$BeanPostProcessorChecker : Bean 'org.springframework.security.config.annotation.method.configuration.Jsr250MetadataSourceConfiguration' of type [org.springframework.security.config.annotation.method.configuration.Jsr250MetadataSourceConfiguration$$EnhancerBySpringCGLIB$$74090d4a] is not eligible for getting processed by all BeanPostProcessors (for example: not eligible for auto-proxying)
2018-10-29 20:18:27.481  INFO trationDelegate$BeanPostProcessorChecker : Bean 'jsr250MethodSecurityMetadataSource' of type [org.springframework.security.access.annotation.Jsr250MethodSecurityMetadataSource] is not eligible for getting processed by all BeanPostProcessors (for example: not eligible for auto-proxying)
2018-10-29 20:18:27.492  INFO trationDelegate$BeanPostProcessorChecker : Bean 'org.springframework.security.config.annotation.configuration.ObjectPostProcessorConfiguration' of type [org.springframework.security.config.annotation.configuration.ObjectPostProcessorConfiguration$$EnhancerBySpringCGLIB$$29df5282] is not eligible for getting processed by all BeanPostProcessors (for example: not eligible for auto-proxying)
2018-10-29 20:18:27.502  INFO trationDelegate$BeanPostProcessorChecker : Bean 'objectPostProcessor' of type [org.springframework.security.config.annotation.configuration.AutowireBeanFactoryObjectPostProcessor] is not eligible for getting processed by all BeanPostProcessors (for example: not eligible for auto-proxying)
2018-10-29 20:18:27.506  INFO trationDelegate$BeanPostProcessorChecker : Bean 'org.springframework.security.access.expression.method.DefaultMethodSecurityExpressionHandler@4b75e39c' of type [org.springframework.security.oauth2.provider.expression.OAuth2MethodSecurityExpressionHandler] is not eligible for getting processed by all BeanPostProcessors (for example: not eligible for auto-proxying)
2018-10-29 20:18:27.527  INFO trationDelegate$BeanPostProcessorChecker : Bean 'org.springframework.security.config.annotation.method.configuration.GlobalMethodSecurityConfiguration' of type [org.springframework.security.config.annotation.method.configuration.GlobalMethodSecurityConfiguration$$EnhancerBySpringCGLIB$$4eb3f534] is not eligible for getting processed by all BeanPostProcessors (for example: not eligible for auto-proxying)
2018-10-29 20:18:27.541  INFO trationDelegate$BeanPostProcessorChecker : Bean 'methodSecurityMetadataSource' of type [org.springframework.security.access.method.DelegatingMethodSecurityMetadataSource] is not eligible for getting processed by all BeanPostProcessors (for example: not eligible for auto-proxying)
2018-10-29 20:18:27.570  INFO trationDelegate$BeanPostProcessorChecker : Bean 'ehcacheConfig' of type [com.simon.common.config.EhcacheConfig$$EnhancerBySpringCGLIB$$2fb7620] is not eligible for getting processed by all BeanPostProcessors (for example: not eligible for auto-proxying)
2018-10-29 20:18:27.867  INFO trationDelegate$BeanPostProcessorChecker : Bean 'cacheManager' of type [org.springframework.cache.ehcache.EhCacheCacheManager] is not eligible for getting processed by all BeanPostProcessors (for example: not eligible for auto-proxying)
2018-10-29 20:18:27.934  INFO trationDelegate$BeanPostProcessorChecker : Bean 'security.oauth2.client-org.springframework.boot.autoconfigure.security.oauth2.OAuth2ClientProperties' of type [org.springframework.boot.autoconfigure.security.oauth2.OAuth2ClientProperties] is not eligible for getting processed by all BeanPostProcessors (for example: not eligible for auto-proxying)
2018-10-29 20:18:27.940  INFO trationDelegate$BeanPostProcessorChecker : Bean 'org.springframework.boot.autoconfigure.security.oauth2.OAuth2AutoConfiguration' of type [org.springframework.boot.autoconfigure.security.oauth2.OAuth2AutoConfiguration$$EnhancerBySpringCGLIB$$487b4648] is not eligible for getting processed by all BeanPostProcessors (for example: not eligible for auto-proxying)
2018-10-29 20:18:27.958  INFO trationDelegate$BeanPostProcessorChecker : Bean 'resourceServerProperties' of type [org.springframework.boot.autoconfigure.security.oauth2.resource.ResourceServerProperties] is not eligible for getting processed by all BeanPostProcessors (for example: not eligible for auto-proxying)
2018-10-29 20:18:27.992  INFO trationDelegate$BeanPostProcessorChecker : Bean 'org.springframework.cloud.autoconfigure.ConfigurationPropertiesRebinderAutoConfiguration' of type [org.springframework.cloud.autoconfigure.ConfigurationPropertiesRebinderAutoConfiguration$$EnhancerBySpringCGLIB$$ad4b8d45] is not eligible for getting processed by all BeanPostProcessors (for example: not eligible for auto-proxying)
2018-10-29 20:18:28.280  INFO org.eclipse.jetty.util.log               : Logging initialized @9515ms to org.eclipse.jetty.util.log.Slf4jLog
2018-10-29 20:18:28.591  INFO e.j.JettyEmbeddedServletContainerFactory : Server initialized with port: 8182
2018-10-29 20:18:28.594  INFO org.eclipse.jetty.server.Server          : jetty-9.4.11.v20180605; built: 2018-06-05T18:24:03.829Z; git: d5fc0523cfa96bfebfbda19606cad384d772f04c; jvm 1.8.0_181-b13
2018-10-29 20:18:28.739  INFO org.eclipse.jetty.server.session         : DefaultSessionIdManager workerName=node0
2018-10-29 20:18:28.740  INFO org.eclipse.jetty.server.session         : No SessionScavenger set, using defaults
2018-10-29 20:18:28.742  INFO org.eclipse.jetty.server.session         : node0 Scavenging every 600000ms
2018-10-29 20:18:28.759  INFO o.e.j.s.h.ContextHandler.application     : Initializing Spring embedded WebApplicationContext
2018-10-29 20:18:28.759  INFO o.s.web.context.ContextLoader            : Root WebApplicationContext: initialization completed in 4540 ms
2018-10-29 20:18:29.316  INFO o.s.b.w.servlet.FilterRegistrationBean   : Mapping filter: 'metricsFilter' to: [/*]
2018-10-29 20:18:29.316  INFO o.s.b.w.servlet.FilterRegistrationBean   : Mapping filter: 'characterEncodingFilter' to: [/*]
2018-10-29 20:18:29.316  INFO o.s.b.w.servlet.FilterRegistrationBean   : Mapping filter: 'hiddenHttpMethodFilter' to: [/*]
2018-10-29 20:18:29.316  INFO o.s.b.w.servlet.FilterRegistrationBean   : Mapping filter: 'httpPutFormContentFilter' to: [/*]
2018-10-29 20:18:29.316  INFO o.s.b.w.servlet.FilterRegistrationBean   : Mapping filter: 'requestContextFilter' to: [/*]
2018-10-29 20:18:29.319  INFO .s.DelegatingFilterProxyRegistrationBean : Mapping filter: 'springSecurityFilterChain' to: [/*]
2018-10-29 20:18:29.319  INFO o.s.b.w.servlet.FilterRegistrationBean   : Mapping filter: 'webRequestLoggingFilter' to: [/*]
2018-10-29 20:18:29.321  INFO o.s.b.w.servlet.FilterRegistrationBean   : Mapping filter: 'webStatFilter' to urls: [/*]
2018-10-29 20:18:29.321  INFO o.s.b.w.servlet.FilterRegistrationBean   : Mapping filter: 'applicationContextIdFilter' to: [/*]
2018-10-29 20:18:29.321  INFO o.s.b.w.servlet.ServletRegistrationBean  : Mapping servlet: 'dispatcherServlet' to [/]
2018-10-29 20:18:29.326  INFO o.s.b.w.servlet.ServletRegistrationBean  : Mapping servlet: 'statViewServlet' to [/druid/*]
2018-10-29 20:18:29.337  INFO o.e.jetty.server.handler.ContextHandler  : Started o.s.b.c.e.j.JettyEmbeddedWebAppContext@3096bafd{application,/,[file:///C:/Users/Administrator/AppData/Local/Temp/jetty-docbase.1116441246126303832.8182/, jar:file:/C:/mvn_repository/io/springfox/springfox-swagger-ui/2.9.2/springfox-swagger-ui-2.9.2.jar!/META-INF/resources, jar:file:/C:/mvn_repository/org/webjars/hal-browser/9f96c74/hal-browser-9f96c74.jar!/META-INF/resources, jar:file:/C:/mvn_repository/org/springframework/boot/spring-boot-actuator-docs/1.5.14.RELEASE/spring-boot-actuator-docs-1.5.14.RELEASE.jar!/META-INF/resources, jar:file:/C:/mvn_repository/org/webjars/bower/jquery/3.2.1/jquery-3.2.1.jar!/META-INF/resources, jar:file:/C:/mvn_repository/org/webjars/npm/popper.js/1.12.5/popper.js-1.12.5.jar!/META-INF/resources, jar:file:/C:/mvn_repository/org/webjars/bootstrap/4.1.1/bootstrap-4.1.1.jar!/META-INF/resources, jar:file:/C:/mvn_repository/org/webjars/jquery/2.1.1/jquery-2.1.1.jar!/META-INF/resources, jar:file:/C:/mvn_repository/org/webjars/popper.js/1.14.1/popper.js-1.14.1.jar!/META-INF/resources, jar:file:/C:/mvn_repository/org/webjars/npm/bootstrap-material-design/4.1.1/bootstrap-material-design-4.1.1.jar!/META-INF/resources, jar:file:/C:/mvn_repository/org/webjars/bower/bootstrap-material-design/4.1.1/bootstrap-material-design-4.1.1.jar!/META-INF/resources, jar:file:/C:/mvn_repository/org/webjars/mdbootstrap-bootstrap-material-design/4.5.3/mdbootstrap-bootstrap-material-design-4.5.3.jar!/META-INF/resources, jar:file:/C:/mvn_repository/org/webjars/bower/fontawesome/4.7.0/fontawesome-4.7.0.jar!/META-INF/resources],AVAILABLE}
2018-10-29 20:18:29.338  INFO org.eclipse.jetty.server.Server          : Started @10573ms
2018-10-29 20:18:30.904  INFO com.alibaba.druid.pool.DruidDataSource   : {dataSource-1} inited
2018-10-29 20:18:30.989  INFO j.LocalContainerEntityManagerFactoryBean : Building JPA container EntityManagerFactory for persistence unit 'default'
2018-10-29 20:18:31.014  INFO o.hibernate.jpa.internal.util.LogHelper  : HHH000204: Processing PersistenceUnitInfo [
	name: default
	...]
2018-10-29 20:18:31.133  INFO org.hibernate.Version                    : HHH000412: Hibernate Core {5.0.12.Final}
2018-10-29 20:18:31.134  INFO org.hibernate.cfg.Environment            : HHH000206: hibernate.properties not found
2018-10-29 20:18:31.136  INFO org.hibernate.cfg.Environment            : HHH000021: Bytecode provider name : javassist
2018-10-29 20:18:31.217  INFO o.hibernate.annotations.common.Version   : HCANN000001: Hibernate Commons Annotations {5.0.1.Final}
2018-10-29 20:18:31.489  INFO org.hibernate.dialect.Dialect            : HHH000400: Using dialect: org.hibernate.dialect.MySQL5Dialect
2018-10-29 20:18:32.152  INFO o.h.tool.hbm2ddl.SchemaValidator         : HHH000229: Running schema validator
2018-10-29 20:18:32.652  INFO j.LocalContainerEntityManagerFactoryBean : Initialized JPA EntityManagerFactory for persistence unit 'default'
2018-10-29 20:18:34.069  INFO Handler$$EnhancerBySpringCGLIB$$3441232d : Detected @ExceptionHandler methods in globalExceptionHandler
2018-10-29 20:18:34.074  INFO Handler$$EnhancerBySpringCGLIB$$3441232d : Detected ResponseBodyAdvice implementation in org.springframework.boot.actuate.autoconfigure.EndpointWebMvcHypermediaManagementContextConfiguration$ActuatorEndpointLinksAdvice
2018-10-29 20:18:36.135  INFO .s.o.p.e.FrameworkEndpointHandlerMapping : Mapped "{[/oauth/authorize]}" onto public org.springframework.web.servlet.ModelAndView org.springframework.security.oauth2.provider.endpoint.AuthorizationEndpoint.authorize(java.util.Map<java.lang.String, java.lang.Object>,java.util.Map<java.lang.String, java.lang.String>,org.springframework.web.bind.support.SessionStatus,java.security.Principal)
2018-10-29 20:18:36.136  INFO .s.o.p.e.FrameworkEndpointHandlerMapping : Mapped "{[/oauth/authorize],methods=[POST],params=[user_oauth_approval]}" onto public org.springframework.web.servlet.View org.springframework.security.oauth2.provider.endpoint.AuthorizationEndpoint.approveOrDeny(java.util.Map<java.lang.String, java.lang.String>,java.util.Map<java.lang.String, ?>,org.springframework.web.bind.support.SessionStatus,java.security.Principal)
2018-10-29 20:18:36.137  INFO .s.o.p.e.FrameworkEndpointHandlerMapping : Mapped "{[/oauth/token],methods=[POST]}" onto public org.springframework.http.ResponseEntity<org.springframework.security.oauth2.common.OAuth2AccessToken> org.springframework.security.oauth2.provider.endpoint.TokenEndpoint.postAccessToken(java.security.Principal,java.util.Map<java.lang.String, java.lang.String>) throws org.springframework.web.HttpRequestMethodNotSupportedException
2018-10-29 20:18:36.137  INFO .s.o.p.e.FrameworkEndpointHandlerMapping : Mapped "{[/oauth/token],methods=[GET]}" onto public org.springframework.http.ResponseEntity<org.springframework.security.oauth2.common.OAuth2AccessToken> org.springframework.security.oauth2.provider.endpoint.TokenEndpoint.getAccessToken(java.security.Principal,java.util.Map<java.lang.String, java.lang.String>) throws org.springframework.web.HttpRequestMethodNotSupportedException
2018-10-29 20:18:36.138  INFO .s.o.p.e.FrameworkEndpointHandlerMapping : Mapped "{[/oauth/check_token]}" onto public java.util.Map<java.lang.String, ?> org.springframework.security.oauth2.provider.endpoint.CheckTokenEndpoint.checkToken(java.lang.String)
2018-10-29 20:18:36.139  INFO .s.o.p.e.FrameworkEndpointHandlerMapping : Mapped "{[/oauth/confirm_access]}" onto public org.springframework.web.servlet.ModelAndView org.springframework.security.oauth2.provider.endpoint.WhitelabelApprovalEndpoint.getAccessConfirmation(java.util.Map<java.lang.String, java.lang.Object>,javax.servlet.http.HttpServletRequest) throws java.lang.Exception
2018-10-29 20:18:36.139  INFO .s.o.p.e.FrameworkEndpointHandlerMapping : Mapped "{[/oauth/error]}" onto public org.springframework.web.servlet.ModelAndView org.springframework.security.oauth2.provider.endpoint.WhitelabelErrorEndpoint.handleError(javax.servlet.http.HttpServletRequest)
2018-10-29 20:18:36.234  INFO s.w.s.m.m.a.RequestMappingHandlerMapping : Mapped "{[/api/helloWorlds/all],methods=[GET]}" onto public com.simon.common.domain.ResultMsg com.simon.controller.HelloWorldController.all()
2018-10-29 20:18:36.235  INFO s.w.s.m.m.a.RequestMappingHandlerMapping : Mapped "{[/api/helloWorlds/getUsername],methods=[GET]}" onto public com.simon.common.domain.ResultMsg com.simon.controller.HelloWorldController.getUserName(java.security.Principal)
2018-10-29 20:18:36.235  INFO s.w.s.m.m.a.RequestMappingHandlerMapping : Mapped "{[/api/helloWorlds/currentUserNameSimple],methods=[GET]}" onto public com.simon.common.domain.ResultMsg com.simon.controller.HelloWorldController.currentUserNameSimple(javax.servlet.http.HttpServletRequest)
2018-10-29 20:18:36.236  INFO s.w.s.m.m.a.RequestMappingHandlerMapping : Mapped "{[/api/helloWorlds/currentUser],methods=[GET]}" onto public com.simon.common.domain.ResultMsg com.simon.controller.HelloWorldController.currentUser(org.springframework.security.core.Authentication)
2018-10-29 20:18:36.236  INFO s.w.s.m.m.a.RequestMappingHandlerMapping : Mapped "{[/api/helloWorlds/testLocale],methods=[GET]}" onto public com.simon.common.domain.ResultMsg com.simon.controller.HelloWorldController.testLocale(javax.servlet.http.HttpServletRequest,javax.servlet.http.HttpServletResponse,java.util.Locale)
2018-10-29 20:18:36.236  INFO s.w.s.m.m.a.RequestMappingHandlerMapping : Mapped "{[/api/helloWorlds/admin],methods=[GET]}" onto public com.simon.common.domain.ResultMsg com.simon.controller.HelloWorldController.admin()
2018-10-29 20:18:36.236  INFO s.w.s.m.m.a.RequestMappingHandlerMapping : Mapped "{[/api/helloWorlds/currentUserName],methods=[GET]}" onto public com.simon.common.domain.ResultMsg com.simon.controller.HelloWorldController.currentUserName(org.springframework.security.core.Authentication)
2018-10-29 20:18:36.237  INFO s.w.s.m.m.a.RequestMappingHandlerMapping : Mapped "{[/api/helloWorlds/notAuth],methods=[GET]}" onto public com.simon.common.domain.ResultMsg com.simon.controller.HelloWorldController.notAuth()
2018-10-29 20:18:36.237  INFO s.w.s.m.m.a.RequestMappingHandlerMapping : Mapped "{[/newsInfos],methods=[POST]}" onto public com.simon.common.domain.ResultMsg com.simon.controller.NewsInfoController.post(com.simon.model.NewsInfo)
2018-10-29 20:18:36.238  INFO s.w.s.m.m.a.RequestMappingHandlerMapping : Mapped "{[/newsInfos],methods=[GET]}" onto public com.simon.common.domain.ResultMsg com.simon.controller.NewsInfoController.getAll(int)
2018-10-29 20:18:36.238  INFO s.w.s.m.m.a.RequestMappingHandlerMapping : Mapped "{[/oauth/my_error_page]}" onto public java.lang.String com.simon.controller.OauthController.oauthError(java.util.Map<java.lang.String, java.lang.Object>,javax.servlet.http.HttpServletRequest)
2018-10-29 20:18:36.238  INFO s.w.s.m.m.a.RequestMappingHandlerMapping : Mapped "{[/oauth/my_approval_page]}" onto public java.lang.String com.simon.controller.OauthController.oauthAuthorize(java.util.Map<java.lang.String, java.lang.Object>,javax.servlet.http.HttpServletRequest)
2018-10-29 20:18:36.239  INFO s.w.s.m.m.a.RequestMappingHandlerMapping : Mapped "{[/api/qrCodes/loginByQrCode],methods=[POST]}" onto public com.simon.common.domain.ResultMsg com.simon.controller.QrCodeController.postLoginByQrCode(java.lang.String,java.lang.String,java.lang.String)
2018-10-29 20:18:36.240  INFO s.w.s.m.m.a.RequestMappingHandlerMapping : Mapped "{[/error],produces=[application/json]}" onto public org.springframework.http.ResponseEntity<java.util.Map<java.lang.String, java.lang.Object>> com.simon.controller.TokenErrorController.error(javax.servlet.http.HttpServletRequest)
2018-10-29 20:18:36.240  INFO s.w.s.m.m.a.RequestMappingHandlerMapping : Mapped "{[/error],produces=[text/html]}" onto public org.springframework.web.servlet.ModelAndView org.springframework.boot.autoconfigure.web.BasicErrorController.errorHtml(javax.servlet.http.HttpServletRequest,javax.servlet.http.HttpServletResponse)
2018-10-29 20:18:36.254  INFO s.w.s.m.m.a.RequestMappingHandlerMapping : Mapped "{[/api/userInfos/{baseFolder}/{phoneFolder}/{fileName:.+}],methods=[GET]}" onto public org.springframework.http.ResponseEntity<?> com.simon.controller.UserInfoController.getFile(java.lang.String,java.lang.String,java.lang.String)
2018-10-29 20:18:36.255  INFO s.w.s.m.m.a.RequestMappingHandlerMapping : Mapped "{[/api/userInfos],methods=[GET]}" onto public com.simon.common.domain.ResultMsg com.simon.controller.UserInfoController.getUserInfo(javax.servlet.http.HttpServletRequest)
2018-10-29 20:18:36.255  INFO s.w.s.m.m.a.RequestMappingHandlerMapping : Mapped "{[/api/userInfos/registerWithVeriCode],methods=[POST]}" onto public com.simon.common.domain.ResultMsg com.simon.controller.UserInfoController.post(java.lang.Integer,java.lang.String,java.lang.String)
2018-10-29 20:18:36.255  INFO s.w.s.m.m.a.RequestMappingHandlerMapping : Mapped "{[/api/userInfos/updatePwdWithoutOldPwd],methods=[PATCH]}" onto public com.simon.common.domain.ResultMsg com.simon.controller.UserInfoController.updatePwdWithoutOldPwd(java.lang.String,java.lang.Integer,java.lang.String)
2018-10-29 20:18:36.255  INFO s.w.s.m.m.a.RequestMappingHandlerMapping : Mapped "{[/api/userInfos/updateHeadPhoto],methods=[PATCH]}" onto public com.simon.common.domain.ResultMsg com.simon.controller.UserInfoController.updateHeadPhoto(javax.servlet.http.HttpServletRequest,java.lang.String)
2018-10-29 20:18:36.256  INFO s.w.s.m.m.a.RequestMappingHandlerMapping : Mapped "{[/api/userInfos/updatePassword/{oldPassword}/{newPassword}],methods=[PATCH]}" onto public com.simon.common.domain.ResultMsg com.simon.controller.UserInfoController.updatePassword(java.lang.String,java.lang.String,java.lang.String)
2018-10-29 20:18:36.256  INFO s.w.s.m.m.a.RequestMappingHandlerMapping : Mapped "{[/api/userInfos],methods=[PATCH]}" onto public com.simon.common.domain.ResultMsg com.simon.controller.UserInfoController.patch(javax.servlet.http.HttpServletRequest,com.simon.model.OauthUser)
2018-10-29 20:18:36.256  INFO s.w.s.m.m.a.RequestMappingHandlerMapping : Mapped "{[/api/veriCodes/getRegisterCode],methods=[GET]}" onto public com.simon.common.domain.ResultMsg com.simon.controller.VeriCodeController.getVeriCode(java.lang.String)
2018-10-29 20:18:36.257  INFO s.w.s.m.m.a.RequestMappingHandlerMapping : Mapped "{[/api/veriCodes/checkVeriCode],methods=[GET]}" onto public com.simon.common.domain.ResultMsg com.simon.controller.VeriCodeController.checkVeriCode(java.lang.String,java.lang.Integer)
2018-10-29 20:18:36.261  INFO s.w.s.m.m.a.RequestMappingHandlerMapping : Mapped "{[/swagger-resources/configuration/ui]}" onto public org.springframework.http.ResponseEntity<springfox.documentation.swagger.web.UiConfiguration> springfox.documentation.swagger.web.ApiResourceController.uiConfiguration()
2018-10-29 20:18:36.266  INFO s.w.s.m.m.a.RequestMappingHandlerMapping : Mapped "{[/swagger-resources]}" onto public org.springframework.http.ResponseEntity<java.util.List<springfox.documentation.swagger.web.SwaggerResource>> springfox.documentation.swagger.web.ApiResourceController.swaggerResources()
2018-10-29 20:18:36.267  INFO s.w.s.m.m.a.RequestMappingHandlerMapping : Mapped "{[/swagger-resources/configuration/security]}" onto public org.springframework.http.ResponseEntity<springfox.documentation.swagger.web.SecurityConfiguration> springfox.documentation.swagger.web.ApiResourceController.securityConfiguration()
2018-10-29 20:18:36.912  INFO o.s.b.a.e.mvc.EndpointHandlerMapping     : Mapped "{[/configprops || /configprops.json],methods=[GET],produces=[application/vnd.spring-boot.actuator.v1+json || application/json]}" onto public java.lang.Object org.springframework.boot.actuate.endpoint.mvc.EndpointMvcAdapter.invoke()
2018-10-29 20:18:36.913  INFO o.s.b.a.e.mvc.EndpointHandlerMapping     : Mapped "{[/env/{name:.*}],methods=[GET],produces=[application/vnd.spring-boot.actuator.v1+json || application/json]}" onto public java.lang.Object org.springframework.boot.actuate.endpoint.mvc.EnvironmentMvcEndpoint.value(java.lang.String)
2018-10-29 20:18:36.913  INFO o.s.b.a.e.mvc.EndpointHandlerMapping     : Mapped "{[/env || /env.json],methods=[GET],produces=[application/vnd.spring-boot.actuator.v1+json || application/json]}" onto public java.lang.Object org.springframework.boot.actuate.endpoint.mvc.EndpointMvcAdapter.invoke()
2018-10-29 20:18:36.914  INFO o.s.b.a.e.mvc.EndpointHandlerMapping     : Mapped "{[/actuator || /actuator.json],produces=[text/html]}" onto public java.lang.String org.springframework.boot.actuate.endpoint.mvc.HalBrowserMvcEndpoint.browse(javax.servlet.http.HttpServletRequest)
2018-10-29 20:18:36.914  INFO o.s.b.a.e.mvc.EndpointHandlerMapping     : Mapped "{[/actuator || /actuator.json],methods=[GET],produces=[application/vnd.spring-boot.actuator.v1+json || application/json]}" onto public org.springframework.hateoas.ResourceSupport org.springframework.boot.actuate.endpoint.mvc.HalJsonMvcEndpoint.links()
2018-10-29 20:18:36.914  INFO o.s.b.a.e.mvc.EndpointHandlerMapping     : Mapped "{[/trace || /trace.json],methods=[GET],produces=[application/vnd.spring-boot.actuator.v1+json || application/json]}" onto public java.lang.Object org.springframework.boot.actuate.endpoint.mvc.EndpointMvcAdapter.invoke()
2018-10-29 20:18:36.915  INFO o.s.b.a.e.mvc.EndpointHandlerMapping     : Mapped "{[/info || /info.json],methods=[GET],produces=[application/vnd.spring-boot.actuator.v1+json || application/json]}" onto public java.lang.Object org.springframework.boot.actuate.endpoint.mvc.EndpointMvcAdapter.invoke()
2018-10-29 20:18:36.915  INFO o.s.b.a.e.mvc.EndpointHandlerMapping     : Mapped "{[/docs],produces=[text/html]}" onto public java.lang.String org.springframework.boot.actuate.endpoint.mvc.DocsMvcEndpoint.redirect()
2018-10-29 20:18:36.916  INFO o.s.b.a.e.mvc.EndpointHandlerMapping     : Mapped "{[/docs/],produces=[text/html]}" onto public java.lang.String org.springframework.boot.actuate.endpoint.mvc.DocsMvcEndpoint.browse()
2018-10-29 20:18:36.916  INFO o.s.b.a.e.mvc.EndpointHandlerMapping     : Mapped "{[/refresh || /refresh.json],methods=[POST]}" onto public java.lang.Object org.springframework.cloud.endpoint.GenericPostableMvcEndpoint.invoke()
2018-10-29 20:18:36.916  INFO o.s.b.a.e.mvc.EndpointHandlerMapping     : Mapped "{[/archaius || /archaius.json],methods=[GET],produces=[application/vnd.spring-boot.actuator.v1+json || application/json]}" onto public java.lang.Object org.springframework.boot.actuate.endpoint.mvc.EndpointMvcAdapter.invoke()
2018-10-29 20:18:36.917  INFO o.s.b.a.e.mvc.EndpointHandlerMapping     : Mapped "{[/heapdump || /heapdump.json],methods=[GET],produces=[application/octet-stream]}" onto public void org.springframework.boot.actuate.endpoint.mvc.HeapdumpMvcEndpoint.invoke(boolean,javax.servlet.http.HttpServletRequest,javax.servlet.http.HttpServletResponse) throws java.io.IOException,javax.servlet.ServletException
2018-10-29 20:18:36.917  INFO o.s.b.a.e.mvc.EndpointHandlerMapping     : Mapped "{[/mappings || /mappings.json],methods=[GET],produces=[application/vnd.spring-boot.actuator.v1+json || application/json]}" onto public java.lang.Object org.springframework.boot.actuate.endpoint.mvc.EndpointMvcAdapter.invoke()
2018-10-29 20:18:36.918  INFO o.s.b.a.e.mvc.EndpointHandlerMapping     : Mapped "{[/env],methods=[POST]}" onto public java.lang.Object org.springframework.cloud.context.environment.EnvironmentManagerMvcEndpoint.value(java.util.Map<java.lang.String, java.lang.String>)
2018-10-29 20:18:36.918  INFO o.s.b.a.e.mvc.EndpointHandlerMapping     : Mapped "{[/env/reset],methods=[POST]}" onto public java.util.Map<java.lang.String, java.lang.Object> org.springframework.cloud.context.environment.EnvironmentManagerMvcEndpoint.reset()
2018-10-29 20:18:36.918  INFO o.s.b.a.e.mvc.EndpointHandlerMapping     : Mapped "{[/dump || /dump.json],methods=[GET],produces=[application/vnd.spring-boot.actuator.v1+json || application/json]}" onto public java.lang.Object org.springframework.boot.actuate.endpoint.mvc.EndpointMvcAdapter.invoke()
2018-10-29 20:18:36.919  INFO o.s.b.a.e.mvc.EndpointHandlerMapping     : Mapped "{[/health || /health.json],methods=[GET],produces=[application/vnd.spring-boot.actuator.v1+json || application/json]}" onto public java.lang.Object org.springframework.boot.actuate.endpoint.mvc.HealthMvcEndpoint.invoke(javax.servlet.http.HttpServletRequest,java.security.Principal)
2018-10-29 20:18:36.919  INFO o.s.b.a.e.mvc.EndpointHandlerMapping     : Mapped "{[/features || /features.json],methods=[GET],produces=[application/vnd.spring-boot.actuator.v1+json || application/json]}" onto public java.lang.Object org.springframework.boot.actuate.endpoint.mvc.EndpointMvcAdapter.invoke()
2018-10-29 20:18:36.920  INFO o.s.b.a.e.mvc.EndpointHandlerMapping     : Mapped "{[/beans || /beans.json],methods=[GET],produces=[application/vnd.spring-boot.actuator.v1+json || application/json]}" onto public java.lang.Object org.springframework.boot.actuate.endpoint.mvc.EndpointMvcAdapter.invoke()
2018-10-29 20:18:36.921  INFO o.s.b.a.e.mvc.EndpointHandlerMapping     : Mapped "{[/loggers/{name:.*}],methods=[GET],produces=[application/vnd.spring-boot.actuator.v1+json || application/json]}" onto public java.lang.Object org.springframework.boot.actuate.endpoint.mvc.LoggersMvcEndpoint.get(java.lang.String)
2018-10-29 20:18:36.921  INFO o.s.b.a.e.mvc.EndpointHandlerMapping     : Mapped "{[/loggers/{name:.*}],methods=[POST],consumes=[application/vnd.spring-boot.actuator.v1+json || application/json],produces=[application/vnd.spring-boot.actuator.v1+json || application/json]}" onto public java.lang.Object org.springframework.boot.actuate.endpoint.mvc.LoggersMvcEndpoint.set(java.lang.String,java.util.Map<java.lang.String, java.lang.String>)
2018-10-29 20:18:36.921  INFO o.s.b.a.e.mvc.EndpointHandlerMapping     : Mapped "{[/loggers || /loggers.json],methods=[GET],produces=[application/vnd.spring-boot.actuator.v1+json || application/json]}" onto public java.lang.Object org.springframework.boot.actuate.endpoint.mvc.EndpointMvcAdapter.invoke()
2018-10-29 20:18:36.922  INFO o.s.b.a.e.mvc.EndpointHandlerMapping     : Mapped "{[/auditevents || /auditevents.json],methods=[GET],produces=[application/vnd.spring-boot.actuator.v1+json || application/json]}" onto public org.springframework.http.ResponseEntity<?> org.springframework.boot.actuate.endpoint.mvc.AuditEventsMvcEndpoint.findByPrincipalAndAfterAndType(java.lang.String,java.util.Date,java.lang.String)
2018-10-29 20:18:36.922  INFO o.s.b.a.e.mvc.EndpointHandlerMapping     : Mapped "{[/metrics/{name:.*}],methods=[GET],produces=[application/vnd.spring-boot.actuator.v1+json || application/json]}" onto public java.lang.Object org.springframework.boot.actuate.endpoint.mvc.MetricsMvcEndpoint.value(java.lang.String)
2018-10-29 20:18:36.922  INFO o.s.b.a.e.mvc.EndpointHandlerMapping     : Mapped "{[/metrics || /metrics.json],methods=[GET],produces=[application/vnd.spring-boot.actuator.v1+json || application/json]}" onto public java.lang.Object org.springframework.boot.actuate.endpoint.mvc.EndpointMvcAdapter.invoke()
2018-10-29 20:18:36.923  INFO o.s.b.a.e.mvc.EndpointHandlerMapping     : Mapped "{[/autoconfig || /autoconfig.json],methods=[GET],produces=[application/vnd.spring-boot.actuator.v1+json || application/json]}" onto public java.lang.Object org.springframework.boot.actuate.endpoint.mvc.EndpointMvcAdapter.invoke()
2018-10-29 20:18:37.419  INFO pertySourcedRequestMappingHandlerMapping : Mapped URL path [/v2/api-docs] onto method [public org.springframework.http.ResponseEntity<springfox.documentation.spring.web.json.Json> springfox.documentation.swagger2.web.Swagger2Controller.getDocumentation(java.lang.String,javax.servlet.http.HttpServletRequest)]
2018-10-29 20:18:37.645  WARN c.n.c.sources.URLConfigurationSource     : No URLs will be polled as dynamic configuration sources.
2018-10-29 20:18:37.646  INFO c.n.c.sources.URLConfigurationSource     : To enable URLs as dynamic configuration sources, define System property archaius.configurationSource.additionalUrls or make config.properties available on classpath.
2018-10-29 20:18:37.654  WARN c.n.c.sources.URLConfigurationSource     : No URLs will be polled as dynamic configuration sources.
2018-10-29 20:18:37.654  INFO c.n.c.sources.URLConfigurationSource     : To enable URLs as dynamic configuration sources, define System property archaius.configurationSource.additionalUrls or make config.properties available on classpath.
2018-10-29 20:18:37.862  INFO s.w.s.m.m.a.RequestMappingHandlerAdapter : Looking for @ControllerAdvice: org.springframework.boot.context.embedded.AnnotationConfigEmbeddedWebApplicationContext@14108aa1: startup date [Mon Oct 29 20:18:24 GMT+08:00 2018]; parent: org.springframework.context.annotation.AnnotationConfigApplicationContext@793ccff3
2018-10-29 20:18:37.872  INFO s.w.s.m.m.a.RequestMappingHandlerAdapter : Detected ResponseBodyAdvice bean in org.springframework.boot.actuate.autoconfigure.EndpointWebMvcHypermediaManagementContextConfiguration$ActuatorEndpointLinksAdvice
2018-10-29 20:18:37.914  INFO o.s.w.s.handler.SimpleUrlHandlerMapping  : Mapped URL path [/login] onto handler of type [class org.springframework.web.servlet.mvc.ParameterizableViewController]
2018-10-29 20:18:37.944  INFO o.s.w.s.handler.SimpleUrlHandlerMapping  : Mapped URL path [/webjars/**] onto handler of type [class org.springframework.web.servlet.resource.ResourceHttpRequestHandler]
2018-10-29 20:18:37.944  INFO o.s.w.s.handler.SimpleUrlHandlerMapping  : Mapped URL path [/**] onto handler of type [class org.springframework.web.servlet.resource.ResourceHttpRequestHandler]
2018-10-29 20:18:37.944  INFO o.s.w.s.handler.SimpleUrlHandlerMapping  : Mapped URL path [/docs/**] onto handler of type [class org.springframework.web.servlet.resource.ResourceHttpRequestHandler]
2018-10-29 20:18:37.944  INFO o.s.w.s.handler.SimpleUrlHandlerMapping  : Mapped URL path [/actuator/] onto handler of type [class org.springframework.web.servlet.resource.ResourceHttpRequestHandler]
2018-10-29 20:18:37.944  INFO o.s.w.s.handler.SimpleUrlHandlerMapping  : Mapped URL path [/actuator/**] onto handler of type [class org.springframework.web.servlet.resource.ResourceHttpRequestHandler]
2018-10-29 20:18:37.970  INFO .m.m.a.ExceptionHandlerExceptionResolver : Detected @ExceptionHandler methods in globalExceptionHandler
2018-10-29 20:18:37.970  INFO .m.m.a.ExceptionHandlerExceptionResolver : Detected ResponseBodyAdvice implementation in org.springframework.boot.actuate.autoconfigure.EndpointWebMvcHypermediaManagementContextConfiguration$ActuatorEndpointLinksAdvice
2018-10-29 20:18:38.001  INFO o.s.w.s.handler.SimpleUrlHandlerMapping  : Mapped URL path [/**/favicon.ico] onto handler of type [class org.springframework.web.servlet.resource.ResourceHttpRequestHandler]
2018-10-29 20:18:38.585  INFO t.m.m.autoconfigure.MapperCacheDisabler  : Clear tk.mybatis.mapper.util.MsUtil CLASS_CACHE cache.
2018-10-29 20:18:38.586  INFO t.m.m.autoconfigure.MapperCacheDisabler  : Clear tk.mybatis.mapper.genid.GenIdUtil CACHE cache.
2018-10-29 20:18:38.587  INFO t.m.m.autoconfigure.MapperCacheDisabler  : Clear tk.mybatis.mapper.version.VersionUtil CACHE cache.
2018-10-29 20:18:38.587  INFO t.m.m.autoconfigure.MapperCacheDisabler  : Clear EntityHelper entityTableMap cache.
2018-10-29 20:18:39.250  INFO o.s.s.web.DefaultSecurityFilterChain     : Creating filter chain: OrRequestMatcher [requestMatchers=[Ant [pattern='/css/**'], Ant [pattern='/js/**'], Ant [pattern='/images/**'], Ant [pattern='/webjars/**'], Ant [pattern='/**/favicon.ico'], Ant [pattern='/error']]], []
2018-10-29 20:18:39.251  INFO o.s.s.web.DefaultSecurityFilterChain     : Creating filter chain: org.springframework.boot.actuate.autoconfigure.ManagementWebSecurityAutoConfiguration$LazyEndpointPathRequestMatcher@1cdf25a2, []
2018-10-29 20:18:39.668  INFO o.s.s.web.DefaultSecurityFilterChain     : Creating filter chain: OrRequestMatcher [requestMatchers=[Ant [pattern='/oauth/token'], Ant [pattern='/oauth/token_key'], Ant [pattern='/oauth/check_token']]], [org.springframework.security.web.context.request.async.WebAsyncManagerIntegrationFilter@7c54d78b, org.springframework.security.web.context.SecurityContextPersistenceFilter@5d0ed01f, org.springframework.security.web.header.HeaderWriterFilter@667dd127, org.springframework.security.web.authentication.logout.LogoutFilter@6a71331c, org.springframework.security.oauth2.provider.client.ClientCredentialsTokenEndpointFilter@4f61e2e3, org.springframework.security.web.authentication.www.BasicAuthenticationFilter@5240a5cf, org.springframework.security.web.savedrequest.RequestCacheAwareFilter@27c2d4ae, org.springframework.security.web.servletapi.SecurityContextHolderAwareRequestFilter@620a9e2f, org.springframework.security.web.authentication.AnonymousAuthenticationFilter@51dfb880, org.springframework.security.web.session.SessionManagementFilter@147a1d0c, org.springframework.security.web.access.ExceptionTranslationFilter@48c21fc4, org.springframework.security.web.access.intercept.FilterSecurityInterceptor@29590608]
2018-10-29 20:18:39.697  INFO o.s.s.web.DefaultSecurityFilterChain     : Creating filter chain: OrRequestMatcher [requestMatchers=[OrRequestMatcher [requestMatchers=[Ant [pattern='/login'], Ant [pattern='/logout'], Ant [pattern='/oauth/authorize'], Ant [pattern='/oauth/confirm_access'], Ant [pattern='/oauth/my_approval_page'], Ant [pattern='/oauth/my_error_page']]]]], [org.springframework.security.web.context.request.async.WebAsyncManagerIntegrationFilter@4aea9433, org.springframework.security.web.context.SecurityContextPersistenceFilter@2fd04f3b, org.springframework.security.web.header.HeaderWriterFilter@6b74eef7, org.springframework.security.web.authentication.logout.LogoutFilter@f83e3ae, org.springframework.security.web.authentication.UsernamePasswordAuthenticationFilter@2207ccf2, org.springframework.security.web.savedrequest.RequestCacheAwareFilter@2432a80, org.springframework.security.web.servletapi.SecurityContextHolderAwareRequestFilter@4e8c6f69, org.springframework.security.web.authentication.AnonymousAuthenticationFilter@6c61d3cc, org.springframework.security.web.session.SessionManagementFilter@64d4a35d, org.springframework.security.web.access.ExceptionTranslationFilter@780ab68f, org.springframework.security.web.access.intercept.FilterSecurityInterceptor@598b09c7]
2018-10-29 20:18:39.717  INFO o.s.s.web.DefaultSecurityFilterChain     : Creating filter chain: OrRequestMatcher [requestMatchers=[NegatedRequestMatcher [requestMatcher=OrRequestMatcher [requestMatchers=[Ant [pattern='/login'], Ant [pattern='/logout'], Ant [pattern='/oauth/authorize'], Ant [pattern='/oauth/confirm_access'], Ant [pattern='/oauth/my_approval_page'], Ant [pattern='/oauth/my_error_page']]]]]], [org.springframework.security.web.context.request.async.WebAsyncManagerIntegrationFilter@6c428251, org.springframework.security.web.context.SecurityContextPersistenceFilter@47fb84e8, org.springframework.security.web.header.HeaderWriterFilter@2b09447d, org.springframework.security.web.authentication.logout.LogoutFilter@a05b403, org.springframework.security.oauth2.provider.authentication.OAuth2AuthenticationProcessingFilter@1e5b7e98, org.springframework.security.web.authentication.UsernamePasswordAuthenticationFilter@7096de3f, org.springframework.security.web.savedrequest.RequestCacheAwareFilter@1432c49d, org.springframework.security.web.servletapi.SecurityContextHolderAwareRequestFilter@75f950ca, org.springframework.security.web.authentication.AnonymousAuthenticationFilter@66dc3f0e, org.springframework.security.web.session.SessionManagementFilter@78f119f, org.springframework.security.web.access.ExceptionTranslationFilter@378c92d8, org.springframework.security.web.access.intercept.FilterSecurityInterceptor@5537a185]
2018-10-29 20:18:39.727  INFO o.s.s.web.DefaultSecurityFilterChain     : Creating filter chain: org.springframework.boot.autoconfigure.security.SpringBootWebSecurityConfiguration$ApplicationNoWebSecurityConfigurerAdapter$1@ac10ad9, [org.springframework.security.web.context.request.async.WebAsyncManagerIntegrationFilter@76b6374b, org.springframework.security.web.context.SecurityContextPersistenceFilter@3f89bcba, org.springframework.security.web.header.HeaderWriterFilter@2e9cff9a, org.springframework.security.web.csrf.CsrfFilter@529974bf, org.springframework.security.web.authentication.logout.LogoutFilter@78df0514, org.springframework.security.web.savedrequest.RequestCacheAwareFilter@7e705f7d, org.springframework.security.web.servletapi.SecurityContextHolderAwareRequestFilter@37591f06, org.springframework.security.web.authentication.AnonymousAuthenticationFilter@9e8a7b4, org.springframework.security.web.session.SessionManagementFilter@4a60b52c, org.springframework.security.web.access.ExceptionTranslationFilter@19db0c6a]
2018-10-29 20:18:40.386  INFO o.s.w.s.v.f.FreeMarkerConfigurer         : ClassTemplateLoader for Spring macros added to FreeMarker configuration
2018-10-29 20:18:40.629  INFO o.s.b.d.a.OptionalLiveReloadServer       : LiveReload server is running on port 35729
2018-10-29 20:18:41.716  INFO o.s.cloud.commons.util.InetUtils         : Cannot determine local hostname
2018-10-29 20:18:42.035  INFO o.s.j.e.a.AnnotationMBeanExporter        : Registering beans for JMX exposure on startup
2018-10-29 20:18:42.037  INFO o.s.j.e.a.AnnotationMBeanExporter        : Bean with name 'dataSource' has been autodetected for JMX exposure
2018-10-29 20:18:42.039  INFO o.s.j.e.a.AnnotationMBeanExporter        : Bean with name 'statFilter' has been autodetected for JMX exposure
2018-10-29 20:18:42.050  INFO o.s.j.e.a.AnnotationMBeanExporter        : Bean with name 'configurationPropertiesRebinder' has been autodetected for JMX exposure
2018-10-29 20:18:42.051  INFO o.s.j.e.a.AnnotationMBeanExporter        : Bean with name 'refreshEndpoint' has been autodetected for JMX exposure
2018-10-29 20:18:42.051  INFO o.s.j.e.a.AnnotationMBeanExporter        : Bean with name 'environmentManager' has been autodetected for JMX exposure
2018-10-29 20:18:42.051  INFO o.s.j.e.a.AnnotationMBeanExporter        : Bean with name 'refreshScope' has been autodetected for JMX exposure
2018-10-29 20:18:42.056  INFO o.s.j.e.a.AnnotationMBeanExporter        : Located managed bean 'environmentManager': registering with JMX server as MBean [org.springframework.cloud.context.environment:name=environmentManager,type=EnvironmentManager]
2018-10-29 20:18:42.076  INFO o.s.j.e.a.AnnotationMBeanExporter        : Located managed bean 'refreshScope': registering with JMX server as MBean [org.springframework.cloud.context.scope.refresh:name=refreshScope,type=RefreshScope]
2018-10-29 20:18:42.087  INFO o.s.j.e.a.AnnotationMBeanExporter        : Located managed bean 'configurationPropertiesRebinder': registering with JMX server as MBean [org.springframework.cloud.context.properties:name=configurationPropertiesRebinder,context=14108aa1,type=ConfigurationPropertiesRebinder]
2018-10-29 20:18:42.093  INFO o.s.j.e.a.AnnotationMBeanExporter        : Located MBean 'dataSource': registering with JMX server as MBean [com.alibaba.druid.spring.boot.autoconfigure:name=dataSource,type=DruidDataSourceWrapper]
2018-10-29 20:18:42.095  INFO o.s.j.e.a.AnnotationMBeanExporter        : Located managed bean 'refreshEndpoint': registering with JMX server as MBean [org.springframework.cloud.endpoint:name=refreshEndpoint,type=RefreshEndpoint]
2018-10-29 20:18:42.101  INFO o.s.j.e.a.AnnotationMBeanExporter        : Located MBean 'statFilter': registering with JMX server as MBean [com.alibaba.druid.filter.stat:name=statFilter,type=StatFilter]
2018-10-29 20:18:42.114  INFO o.s.c.support.DefaultLifecycleProcessor  : Starting beans in phase 0
2018-10-29 20:18:42.168  INFO o.s.c.support.DefaultLifecycleProcessor  : Starting beans in phase 2147483647
2018-10-29 20:18:42.169  INFO d.s.w.p.DocumentationPluginsBootstrapper : Context refreshed
2018-10-29 20:18:42.213  INFO d.s.w.p.DocumentationPluginsBootstrapper : Found 1 custom documentation plugin(s)
2018-10-29 20:18:42.290  INFO s.d.s.w.s.ApiListingReferenceScanner     : Scanning for api listing references
2018-10-29 20:18:42.541  INFO .d.s.w.r.o.CachingOperationNameGenerator : Generating unique operation named: postUsingPOST_1
2018-10-29 20:18:42.598  INFO o.e.j.s.h.ContextHandler.application     : Initializing Spring FrameworkServlet 'dispatcherServlet'
2018-10-29 20:18:42.598  INFO o.s.web.servlet.DispatcherServlet        : FrameworkServlet 'dispatcherServlet': initialization started
2018-10-29 20:18:42.615  INFO o.s.web.servlet.DispatcherServlet        : FrameworkServlet 'dispatcherServlet': initialization completed in 17 ms
2018-10-29 20:18:42.652  INFO o.e.jetty.server.AbstractConnector       : Started ServerConnector@16d06a5a{HTTP/1.1,[http/1.1]}{0.0.0.0:8182}
2018-10-29 20:18:42.652  INFO .s.b.c.e.j.JettyEmbeddedServletContainer : Jetty started on port(s) 8182 (http/1.1)
2018-10-29 20:18:42.658  INFO com.simon.OauthserverApplication         : Started OauthserverApplication in 22.296 seconds (JVM running for 23.893)
2018-10-29 20:27:56.448  INFO c.s.c.config.CustomLoginAuthProvider     : authenticate
2018-10-29 20:27:56.539  INFO c.s.c.config.CustomUserDetailsService    : jeesun
2018-10-29 20:27:56.546  INFO c.s.c.config.CustomUserDetailsService    : [Authority(id=null, createBy=null, createDate=null, updateBy=null, updateDate=null, userId=1, authority=ROLE_ADMIN), Authority(id=null, createBy=null, createDate=null, updateBy=null, updateDate=null, userId=1, authority=ROLE_USER)]
2018-10-29 20:27:56.708  INFO o.s.s.o.p.token.store.JdbcTokenStore     : Failed to find access token for token 2593640d-0940-4d18-9407-4968bbfe90d1
2018-10-29 20:51:59.807 ERROR c.simon.controller.TokenErrorController  : {timestamp=Mon Oct 29 20:51:59 GMT+08:00 2018, status=401, error=Unauthorized, message=Full authentication is required to access this resource, path=/oauth/check_token}
2018-10-29 20:51:59.807 ERROR c.simon.controller.TokenErrorController  : Full authentication is required to access this resource
2018-10-29 20:52:30.807  INFO c.s.c.config.CustomLoginAuthProvider     : authenticate
2018-10-29 20:52:57.948 ERROR c.simon.controller.TokenErrorController  : {timestamp=Mon Oct 29 20:52:57 GMT+08:00 2018, status=401, error=Unauthorized, message=Bad credentials, path=/oauth/check_token}
2018-10-29 20:52:57.948 ERROR c.simon.controller.TokenErrorController  : Bad credentials
2018-10-29 20:53:15.537 ERROR c.simon.controller.TokenErrorController  : {timestamp=Mon Oct 29 20:53:15 GMT+08:00 2018, status=401, error=Unauthorized, message=Bad credentials, path=/oauth/check_token}
2018-10-29 20:53:15.537 ERROR c.simon.controller.TokenErrorController  : Bad credentials
2018-10-29 20:55:02.791  INFO o.s.s.o.p.token.store.JdbcTokenStore     : Failed to find access token for token ca582cd1-be6c-4a5a-82ec-10af7a8e06eb
2018-10-29 20:55:02.793  INFO o.s.s.o.p.endpoint.CheckTokenEndpoint    : Handling error: InvalidTokenException, Token was not recognised
2018-10-29 20:55:02.793 ERROR c.h.CustomWebResponseExceptionTranslator : Token was not recognised
2018-10-29 20:55:02.805  WARN c.s.c.e.CustomOauthExceptionSerializer   : CustomOauthException = error="invalid_request", error_description="token"
2018-10-29 20:55:02.805  WARN .m.m.a.ExceptionHandlerExceptionResolver : Resolved exception caused by Handler execution: error="invalid_token", error_description="Token was not recognised"
2018-10-29 20:58:49.189  INFO c.s.c.config.CustomLoginAuthProvider     : authenticate
2018-10-29 21:00:33.276  INFO c.s.c.config.CustomLoginAuthProvider     : authenticate
2018-10-29 21:01:11.304  INFO o.s.s.o.p.token.store.JdbcTokenStore     : Failed to find access token for token ca582cd1-be6c-4a5a-82ec-10af7a8e06eb
2018-10-29 21:01:11.305  INFO o.s.s.o.p.endpoint.CheckTokenEndpoint    : Handling error: InvalidTokenException, Token was not recognised
2018-10-29 21:01:11.305 ERROR c.h.CustomWebResponseExceptionTranslator : Token was not recognised
2018-10-29 21:01:11.305  WARN c.s.c.e.CustomOauthExceptionSerializer   : CustomOauthException = error="invalid_request", error_description="token"
2018-10-29 21:01:11.306  WARN .m.m.a.ExceptionHandlerExceptionResolver : Resolved exception caused by Handler execution: error="invalid_token", error_description="Token was not recognised"
